#
# A fatal error has been detected by the Java Runtime Environment:
#
#  SIGILL (0x4) at pc=0x00007fffd3dd6bde, pid=12443, tid=515
#
# JRE version: Java(TM) SE Runtime Environment (8.0_71-b15) (build 1.8.0_71-b15)
# Java VM: Java HotSpot(TM) 64-Bit Server VM (25.71-b15 mixed mode bsd-amd64 compressed oops)
# Problematic frame:
# C  [libsystem_platform.dylib+0x5bde]  _os_unfair_lock_corruption_abort+0x17
#
# Failed to write core dump. Core dumps have been disabled. To enable core dumping, try "ulimit -c unlimited" before starting Java again
#
# If you would like to submit a bug report, please visit:
#   http://bugreport.java.com/bugreport/crash.jsp
# The crash happened outside the Java Virtual Machine in native code.
# See problematic frame for where to report the bug.
#

---------------  T H R E A D  ---------------

Current thread (0x0000000101677000):  JavaThread "Spawner Reaper" daemon [_thread_in_native, id=98895, stack(0x000070000cf94000,0x000070000d094000)]

siginfo: si_signo: 4 (SIGILL), si_code: 1 (ILL_ILLOPC), si_addr: 0x00007fffd3dd6bde

Registers:
RAX=0x0000000000000306, RBX=0x0000000000000306, RCX=0x00007fffd3dd8b6c, RDX=0x0000000000000000
RSP=0x000070000d093218, RBP=0x000070000d093250, RSI=0x00007fffdc835700, RDI=0x0000000000000306
R8 =0x00000000000000c4, R9 =0x00000000000000c5, R10=0x0000000000000000, R11=0x0000000000000246
R12=0x00007fffdc835700, R13=0x0000000000000203, R14=0x0000000001010002, R15=0x0000000000000203
RIP=0x00007fffd3dd6bde, EFLAGS=0x0000000000010246, ERR=0x0000000000000000
  TRAPNO=0x0000000000000006

Top of Stack: (sp=0x000070000d093218)
0x000070000d093218:   00007fffd3dd644e 0000000000000307
0x000070000d093228:   0000000000000280 000000012a06c690
0x000070000d093238:   00007fffdc835480 00007fffdc835700
0x000070000d093248:   000000012a0cc730 000070000d0932a0
0x000070000d093258:   00007fffd32dc3ae 0000000000000000
0x000070000d093268:   0000000000000000 0000000000000000
0x000070000d093278:   000000012a06c690 0000000000000000
0x000070000d093288:   000000012a0cc730 0000000000000001
0x000070000d093298:   000000012a0cc730 000070000d0932c0
0x000070000d0932a8:   00007fffd32dc0f9 000000012a06c690
0x000070000d0932b8:   0000000000000002 000070000d0932e0
0x000070000d0932c8:   00007fffd32dc059 0000000000000000
0x000070000d0932d8:   000000012a033570 000070000d093300
0x000070000d0932e8:   00007fffd3e1eb23 0000000000000203
0x000070000d0932f8:   000000012a0d5d40 000070000d093330
0x000070000d093308:   00007fffd3e1ea3f 00007fffdc8f5a50
0x000070000d093318:   000000012a0cc730 0000000000000000
0x000070000d093328:   0000000000000008 000070000d093350
0x000070000d093338:   00007fffd3e1e4f9 00000000ffffffff
0x000070000d093348:   0000000000000008 000070000d0933e0
0x000070000d093358:   00007fffd3e1f0a2 0000000000000000
0x000070000d093368:   0000000000000000 000070000d0933f0
0x000070000d093378:   0000000000000000 00007fffd3cd8290
0x000070000d093388:   000070000d093424 000000012a0cf9d0
0x000070000d093398:   0000000000000000 0000000000000000
0x000070000d0933a8:   0000000000000000 0000000000000000
0x000070000d0933b8:   2633e9393a8200f2 0000000100500220
0x000070000d0933c8:   0000000000000000 0000000000000000
0x000070000d0933d8:   0000000000000002 000070000d093410
0x000070000d0933e8:   00007fffd3e1ee2d 0000000000000000
0x000070000d0933f8:   0000000000000000 2633e9393a8200f2
0x000070000d093408:   00007fffd3cd8290 000070000d093440 

Instructions: (pc=0x00007fffd3dd6bde)
0x00007fffd3dd6bbe:   89 f7 e8 55 18 00 00 eb ae 89 f8 48 8d 0d 9c 1f
0x00007fffd3dd6bce:   00 00 48 89 0d e1 e6 b0 08 48 89 05 0a e7 b0 08
0x00007fffd3dd6bde:   0f 0b 89 f8 48 8d 0d 12 20 00 00 48 89 0d c8 e6
0x00007fffd3dd6bee:   b0 08 48 89 05 f1 e6 b0 08 0f 0b 55 48 89 e5 41 

Register to memory mapping:

RAX=0x0000000000000306 is an unknown value
RBX=0x0000000000000306 is an unknown value
RCX=0x00007fffd3dd8b6c: _h+0x25c in /usr/lib/system/libsystem_platform.dylib at 0x00007fffd3dd1000
RDX=0x0000000000000000 is an unknown value
RSP=0x000070000d093218 is pointing into the stack for thread: 0x0000000101677000
RBP=0x000070000d093250 is pointing into the stack for thread: 0x0000000101677000
RSI=0x00007fffdc835700: _ZN12_GLOBAL__N_1L12SideTableBufE+0x280 in /usr/lib/libobjc.A.dylib at 0x00007fffd32d3000
RDI=0x0000000000000306 is an unknown value
R8 =0x00000000000000c4 is an unknown value
R9 =0x00000000000000c5 is an unknown value
R10=0x0000000000000000 is an unknown value
R11=0x0000000000000246 is an unknown value
R12=0x00007fffdc835700: _ZN12_GLOBAL__N_1L12SideTableBufE+0x280 in /usr/lib/libobjc.A.dylib at 0x00007fffd32d3000
R13=0x0000000000000203 is an unknown value
R14=0x0000000001010002 is an unknown value
R15=0x0000000000000203 is an unknown value


Stack: [0x000070000cf94000,0x000070000d094000],  sp=0x000070000d093218,  free space=1020k
Native frames: (J=compiled Java code, j=interpreted, Vv=VM code, C=native code)
C  [libsystem_platform.dylib+0x5bde]  _os_unfair_lock_corruption_abort+0x17
C  [libobjc.A.dylib+0x93ae]  _ZN11objc_object27sidetable_clearDeallocatingEv+0x54
C  [libobjc.A.dylib+0x90f9]  objc_destructInstance+0x8f
C  [libobjc.A.dylib+0x9059]  object_dispose+0x16
C  [libxpc.dylib+0x4b23]  _xpc_dictionary_node_free+0x36
C  [libxpc.dylib+0x4a3f]  _xpc_dictionary_dispose+0x22
C  [libxpc.dylib+0x44f9]  _xpc_dispose+0xf
C  [libxpc.dylib+0x50a2]  bootstrap_look_up3+0x263
C  [libxpc.dylib+0x4e2d]  bootstrap_look_up2+0x2d
C  [libxpc.dylib+0x708f]  xpc_pipe_create+0x3d
C  [libsystem_info.dylib+0x1a9f]  _od_xpc_pipe+0x96
C  [libsystem_info.dylib+0x19dc]  _od_running+0xd
C  [libsystem_info.dylib+0x6191]  ds_group_byname+0x12
C  [libsystem_info.dylib+0x6112]  search_group_byname+0x66
C  [libsystem_info.dylib+0x6068]  getgrnam+0x33
C  [libspawner.jnilib+0x265e]  ptys_open+0x1e
C  [libspawner.jnilib+0x20ee]  exec_pty+0x22e
C  [libspawner.jnilib+0x1102]  Java_org_eclipse_cdt_utils_spawner_Spawner_exec2+0x182
j  org.eclipse.cdt.utils.spawner.Spawner.exec2([Ljava/lang/String;[Ljava/lang/String;Ljava/lang/String;[ILjava/lang/String;IZ)I+0
j  org.eclipse.cdt.utils.pty.PTY.exec_pty(Lorg/eclipse/cdt/utils/spawner/Spawner;[Ljava/lang/String;[Ljava/lang/String;Ljava/lang/String;[I)I+48
j  org.eclipse.cdt.utils.spawner.Spawner$2.execute([Ljava/lang/String;[Ljava/lang/String;Ljava/lang/String;[I)I+13
j  org.eclipse.cdt.utils.spawner.Spawner$Reaper.run()V+20
v  ~StubRoutines::call_stub
V  [libjvm.dylib+0x2ea59a]
V  [libjvm.dylib+0x2ead28]
V  [libjvm.dylib+0x2eaed4]
V  [libjvm.dylib+0x345451]
V  [libjvm.dylib+0x560e73]
V  [libjvm.dylib+0x56256e]
V  [libjvm.dylib+0x482fc2]
C  [libsystem_pthread.dylib+0x3aab]  _pthread_body+0xb4
C  [libsystem_pthread.dylib+0x39f7]  _pthread_body+0x0
C  [libsystem_pthread.dylib+0x3221]  thread_start+0xd
C  0x0000000000000000

Java frames: (J=compiled Java code, j=interpreted, Vv=VM code)
j  org.eclipse.cdt.utils.spawner.Spawner.exec2([Ljava/lang/String;[Ljava/lang/String;Ljava/lang/String;[ILjava/lang/String;IZ)I+0
j  org.eclipse.cdt.utils.pty.PTY.exec_pty(Lorg/eclipse/cdt/utils/spawner/Spawner;[Ljava/lang/String;[Ljava/lang/String;Ljava/lang/String;[I)I+48
j  org.eclipse.cdt.utils.spawner.Spawner$2.execute([Ljava/lang/String;[Ljava/lang/String;Ljava/lang/String;[I)I+13
j  org.eclipse.cdt.utils.spawner.Spawner$Reaper.run()V+20
v  ~StubRoutines::call_stub

---------------  P R O C E S S  ---------------

Java Threads: ( => current thread )
=>0x0000000101677000 JavaThread "Spawner Reaper" daemon [_thread_in_native, id=98895, stack(0x000070000cf94000,0x000070000d094000)]
  0x0000000134d0e000 JavaThread "org.eclipse.cdt.internal.ui.text.CReconciler" daemon [_thread_blocked, id=98415, stack(0x000070000e06f000,0x000070000e16f000)]
  0x0000000102286000 JavaThread "Process monitor" daemon [_thread_blocked, id=99339, stack(0x000070000dd66000,0x000070000de66000)]
  0x0000000134240000 JavaThread "Input Stream Monitor" daemon [_thread_blocked, id=96571, stack(0x000070000dc63000,0x000070000dd63000)]
  0x0000000134616000 JavaThread "Output Stream Monitor" daemon [_thread_in_native, id=93279, stack(0x000070000db60000,0x000070000dc60000)]
  0x0000000121f5c000 JavaThread "Output Stream Monitor" daemon [_thread_in_native, id=95127, stack(0x000070000d95a000,0x000070000da5a000)]
  0x0000000121f9a800 JavaThread "Spawner Reaper" daemon [_thread_in_native, id=75339, stack(0x000070000d5a3000,0x000070000d6a3000)]
  0x00000001016d2000 JavaThread "Worker-77" [_thread_blocked, id=68819, stack(0x000070000df6c000,0x000070000e06c000)]
  0x00000001276ff000 JavaThread "Worker-76" [_thread_blocked, id=100875, stack(0x000070000de69000,0x000070000df69000)]
  0x0000000102619800 JavaThread "Worker-75" [_thread_blocked, id=99659, stack(0x000070000cd8b000,0x000070000ce8b000)]
  0x0000000102140000 JavaThread "Worker-74" [_thread_blocked, id=95835, stack(0x000070000c97c000,0x000070000ca7c000)]
  0x00000001015ad000 JavaThread "Worker-73" [_thread_blocked, id=84655, stack(0x000070000c673000,0x000070000c773000)]
  0x0000000126a1f800 JavaThread "Worker-72" [_thread_blocked, id=91515, stack(0x000070000c164000,0x000070000c264000)]
  0x0000000126cbc000 JavaThread "Worker-70" [_thread_blocked, id=5575, stack(0x000070000cc88000,0x000070000cd88000)]
  0x0000000101387800 JavaThread "Worker-69" [_thread_blocked, id=5367, stack(0x000070000a58a000,0x000070000a68a000)]
  0x0000000125c55800 JavaThread "org.eclipse.cdt.internal.ui.text.CReconciler" daemon [_thread_blocked, id=81243, stack(0x000070000d729000,0x000070000d829000)]
  0x0000000126aee000 JavaThread "Provisioning Event Dispatcher" daemon [_thread_blocked, id=83751, stack(0x000070000d4a0000,0x000070000d5a0000)]
  0x0000000127d66800 JavaThread "[ThreadPool Manager] - Idle Thread" daemon [_thread_blocked, id=87315, stack(0x000070000d857000,0x000070000d957000)]
  0x000000010268e000 JavaThread "Thread-9" [_thread_blocked, id=88871, stack(0x000070000da5d000,0x000070000db5d000)]
  0x0000000126e4c800 JavaThread "org.eclipse.cdt.internal.ui.text.CReconciler" daemon [_thread_blocked, id=71179, stack(0x000070000c879000,0x000070000c979000)]
  0x00000001015dc000 JavaThread "EventAdmin Async Event Dispatcher Thread" daemon [_thread_blocked, id=5959, stack(0x000070000c776000,0x000070000c876000)]
  0x00000001219aa000 JavaThread "Bundle File Closer" daemon [_thread_blocked, id=67599, stack(0x000070000c570000,0x000070000c670000)]
  0x0000000101534000 JavaThread "EMF Reference Cleaner" daemon [_thread_blocked, id=58883, stack(0x000070000c46d000,0x000070000c56d000)]
  0x000000010148c000 JavaThread "Worker-JM" [_thread_blocked, id=58371, stack(0x000070000c36a000,0x000070000c46a000)]
  0x0000000102044800 JavaThread "[Timer] - Main Queue Handler" daemon [_thread_blocked, id=57859, stack(0x000070000c267000,0x000070000c367000)]
  0x000000010290e000 JavaThread "Start Level: Equinox Container: 68c0928c-5386-444d-a6ef-48b8c556f0df" daemon [_thread_blocked, id=56835, stack(0x000070000c061000,0x000070000c161000)]
  0x00000001021e7000 JavaThread "Framework Event Dispatcher: org.eclipse.osgi.internal.framework.EquinoxEventPublisher@5d332969" daemon [_thread_blocked, id=56071, stack(0x000070000bf5e000,0x000070000c05e000)]
  0x00000001014ec000 JavaThread "Active Thread: Equinox Container: 68c0928c-5386-444d-a6ef-48b8c556f0df" [_thread_blocked, id=55823, stack(0x000070000be5b000,0x000070000bf5b000)]
  0x0000000102832000 JavaThread "Service Thread" daemon [_thread_blocked, id=32515, stack(0x000070000bb4f000,0x000070000bc4f000)]
  0x000000010202e800 JavaThread "C1 CompilerThread2" daemon [_thread_blocked, id=32003, stack(0x000070000ba4c000,0x000070000bb4c000)]
  0x000000010082d000 JavaThread "C2 CompilerThread1" daemon [_thread_blocked, id=31491, stack(0x000070000b949000,0x000070000ba49000)]
  0x00000001010d4000 JavaThread "C2 CompilerThread0" daemon [_thread_blocked, id=30979, stack(0x000070000b846000,0x000070000b946000)]
  0x00000001010d3000 JavaThread "Signal Dispatcher" daemon [_thread_blocked, id=30467, stack(0x000070000b743000,0x000070000b843000)]
  0x000000010204a000 JavaThread "Surrogate Locker Thread (Concurrent GC)" daemon [_thread_blocked, id=29699, stack(0x000070000b640000,0x000070000b740000)]
  0x0000000100856800 JavaThread "Finalizer" daemon [_thread_blocked, id=28675, stack(0x000070000b53d000,0x000070000b63d000)]
  0x0000000102829000 JavaThread "Reference Handler" daemon [_thread_blocked, id=28163, stack(0x000070000b43a000,0x000070000b53a000)]
  0x000000010081f000 JavaThread "main" [_thread_in_native, id=775, stack(0x00007fff5f400000,0x00007fff5fc00000)]

Other Threads:
  0x0000000100855800 VMThread [stack: 0x000070000b337000,0x000070000b437000] [id=27651]
  0x0000000102833800 WatcherThread [stack: 0x000070000bc52000,0x000070000bd52000] [id=33027]

VM state:not at safepoint (normal execution)

VM Mutex/Monitor currently owned by a thread: None

Heap:
 garbage-first heap   total 262144K, used 105230K [0x0000000780000000, 0x0000000780100800, 0x00000007c0000000)
  region size 1024K, 5 young (5120K), 2 survivors (2048K)
 Metaspace       used 100996K, capacity 110378K, committed 110672K, reserved 1144832K
  class space    used 12401K, capacity 15190K, committed 15232K, reserved 1048576K

Heap Regions: (Y=young(eden), SU=young(survivor), HS=humongous(starts), HC=humongous(continues), CS=collection set, F=free, TS=gc time stamp, PTAMS=previous top-at-mark-start, NTAMS=next top-at-mark-start)
AC   0  O    TS     0 PTAMS 0x0000000780100000 NTAMS 0x0000000780100000 space 1024K, 100% used [0x0000000780000000, 0x0000000780100000)
AC   0  O    TS     0 PTAMS 0x0000000780200000 NTAMS 0x0000000780200000 space 1024K, 100% used [0x0000000780100000, 0x0000000780200000)
AC   0  O    TS     0 PTAMS 0x0000000780300000 NTAMS 0x0000000780300000 space 1024K, 100% used [0x0000000780200000, 0x0000000780300000)
AC   0  O    TS     0 PTAMS 0x0000000780400000 NTAMS 0x0000000780400000 space 1024K, 100% used [0x0000000780300000, 0x0000000780400000)
AC   0  O    TS     0 PTAMS 0x0000000780500000 NTAMS 0x0000000780500000 space 1024K, 100% used [0x0000000780400000, 0x0000000780500000)
AC   0 HS    TS     0 PTAMS 0x0000000780500000 NTAMS 0x0000000780500000 space 1024K,  51% used [0x0000000780500000, 0x0000000780600000)
AC   0  O    TS     0 PTAMS 0x0000000780700000 NTAMS 0x0000000780700000 space 1024K, 100% used [0x0000000780600000, 0x0000000780700000)
AC   0  O    TS     0 PTAMS 0x0000000780800000 NTAMS 0x0000000780800000 space 1024K, 100% used [0x0000000780700000, 0x0000000780800000)
AC   0  O    TS     0 PTAMS 0x0000000780900000 NTAMS 0x0000000780900000 space 1024K, 100% used [0x0000000780800000, 0x0000000780900000)
AC   0  O    TS     0 PTAMS 0x0000000780a00000 NTAMS 0x0000000780a00000 space 1024K, 100% used [0x0000000780900000, 0x0000000780a00000)
AC   0  O    TS    35 PTAMS 0x0000000780a00000 NTAMS 0x0000000780a00000 space 1024K, 100% used [0x0000000780a00000, 0x0000000780b00000)
AC   0  O    TS    37 PTAMS 0x0000000780b00000 NTAMS 0x0000000780b00000 space 1024K, 100% used [0x0000000780b00000, 0x0000000780c00000)
AC   0  O    TS     0 PTAMS 0x0000000780d00000 NTAMS 0x0000000780d00000 space 1024K, 100% used [0x0000000780c00000, 0x0000000780d00000)
AC   0  O    TS     0 PTAMS 0x0000000780e00000 NTAMS 0x0000000780e00000 space 1024K, 100% used [0x0000000780d00000, 0x0000000780e00000)
AC   0  O    TS     0 PTAMS 0x0000000780f00000 NTAMS 0x0000000780f00000 space 1024K, 100% used [0x0000000780e00000, 0x0000000780f00000)
AC   0  O    TS    37 PTAMS 0x0000000780f00000 NTAMS 0x0000000780f00000 space 1024K, 100% used [0x0000000780f00000, 0x0000000781000000)
AC   0  O    TS     3 PTAMS 0x0000000781000000 NTAMS 0x0000000781000000 space 1024K, 100% used [0x0000000781000000, 0x0000000781100000)
AC   0  O    TS     3 PTAMS 0x0000000781100000 NTAMS 0x0000000781100000 space 1024K, 100% used [0x0000000781100000, 0x0000000781200000)
AC   0  O    TS     3 PTAMS 0x0000000781200000 NTAMS 0x0000000781200000 space 1024K, 100% used [0x0000000781200000, 0x0000000781300000)
AC   0  O    TS    37 PTAMS 0x0000000781300000 NTAMS 0x0000000781300000 space 1024K, 100% used [0x0000000781300000, 0x0000000781400000)
AC   0  O    TS    37 PTAMS 0x0000000781400000 NTAMS 0x0000000781400000 space 1024K, 100% used [0x0000000781400000, 0x0000000781500000)
AC   0  O    TS     3 PTAMS 0x0000000781500000 NTAMS 0x0000000781500000 space 1024K, 100% used [0x0000000781500000, 0x0000000781600000)
AC   0  O    TS     3 PTAMS 0x0000000781600000 NTAMS 0x0000000781600000 space 1024K, 100% used [0x0000000781600000, 0x0000000781700000)
AC   0  O    TS     0 PTAMS 0x0000000781800000 NTAMS 0x0000000781800000 space 1024K, 100% used [0x0000000781700000, 0x0000000781800000)
AC   0  O    TS     0 PTAMS 0x0000000781900000 NTAMS 0x0000000781900000 space 1024K, 100% used [0x0000000781800000, 0x0000000781900000)
AC   0  O    TS     0 PTAMS 0x0000000781a00000 NTAMS 0x0000000781a00000 space 1024K, 100% used [0x0000000781900000, 0x0000000781a00000)
AC   0  O    TS     0 PTAMS 0x0000000781b00000 NTAMS 0x0000000781b00000 space 1024K, 100% used [0x0000000781a00000, 0x0000000781b00000)
AC   0  O    TS     0 PTAMS 0x0000000781c00000 NTAMS 0x0000000781c00000 space 1024K, 100% used [0x0000000781b00000, 0x0000000781c00000)
AC   0  O    TS     0 PTAMS 0x0000000781d00000 NTAMS 0x0000000781d00000 space 1024K, 100% used [0x0000000781c00000, 0x0000000781d00000)
AC   0  O    TS     0 PTAMS 0x0000000781e00000 NTAMS 0x0000000781e00000 space 1024K, 100% used [0x0000000781d00000, 0x0000000781e00000)
AC   0  O    TS     0 PTAMS 0x0000000781f00000 NTAMS 0x0000000781f00000 space 1024K, 100% used [0x0000000781e00000, 0x0000000781f00000)
AC   0  O    TS     0 PTAMS 0x0000000782000000 NTAMS 0x0000000782000000 space 1024K, 100% used [0x0000000781f00000, 0x0000000782000000)
AC   0  O    TS    37 PTAMS 0x0000000782000000 NTAMS 0x0000000782000000 space 1024K, 100% used [0x0000000782000000, 0x0000000782100000)
AC   0  O    TS     3 PTAMS 0x0000000782100000 NTAMS 0x0000000782100000 space 1024K, 100% used [0x0000000782100000, 0x0000000782200000)
AC   0  O    TS    35 PTAMS 0x0000000782200000 NTAMS 0x0000000782200000 space 1024K, 100% used [0x0000000782200000, 0x0000000782300000)
AC   0  O    TS     0 PTAMS 0x0000000782400000 NTAMS 0x0000000782400000 space 1024K, 100% used [0x0000000782300000, 0x0000000782400000)
AC   0  O    TS     0 PTAMS 0x0000000782500000 NTAMS 0x0000000782500000 space 1024K, 100% used [0x0000000782400000, 0x0000000782500000)
AC   0  O    TS     0 PTAMS 0x0000000782600000 NTAMS 0x0000000782600000 space 1024K, 100% used [0x0000000782500000, 0x0000000782600000)
AC   0  O    TS     0 PTAMS 0x0000000782700000 NTAMS 0x0000000782700000 space 1024K, 100% used [0x0000000782600000, 0x0000000782700000)
AC   0  O    TS     0 PTAMS 0x0000000782800000 NTAMS 0x0000000782800000 space 1024K, 100% used [0x0000000782700000, 0x0000000782800000)
AC   0  O    TS     0 PTAMS 0x0000000782900000 NTAMS 0x0000000782900000 space 1024K, 100% used [0x0000000782800000, 0x0000000782900000)
AC   0  O    TS     0 PTAMS 0x0000000782a00000 NTAMS 0x0000000782a00000 space 1024K, 100% used [0x0000000782900000, 0x0000000782a00000)
AC   0  O    TS     0 PTAMS 0x0000000782b00000 NTAMS 0x0000000782b00000 space 1024K, 100% used [0x0000000782a00000, 0x0000000782b00000)
AC   0  O    TS     0 PTAMS 0x0000000782c00000 NTAMS 0x0000000782c00000 space 1024K, 100% used [0x0000000782b00000, 0x0000000782c00000)
AC   0  O    TS     0 PTAMS 0x0000000782d00000 NTAMS 0x0000000782d00000 space 1024K, 100% used [0x0000000782c00000, 0x0000000782d00000)
AC   0  O    TS     0 PTAMS 0x0000000782e00000 NTAMS 0x0000000782e00000 space 1024K, 100% used [0x0000000782d00000, 0x0000000782e00000)
AC   0  O    TS     0 PTAMS 0x0000000782f00000 NTAMS 0x0000000782f00000 space 1024K, 100% used [0x0000000782e00000, 0x0000000782f00000)
AC   0  O    TS     0 PTAMS 0x0000000783000000 NTAMS 0x0000000783000000 space 1024K, 100% used [0x0000000782f00000, 0x0000000783000000)
AC   0  O    TS     0 PTAMS 0x0000000783100000 NTAMS 0x0000000783100000 space 1024K, 100% used [0x0000000783000000, 0x0000000783100000)
AC   0  O    TS     0 PTAMS 0x0000000783200000 NTAMS 0x0000000783200000 space 1024K, 100% used [0x0000000783100000, 0x0000000783200000)
AC   0  O    TS     0 PTAMS 0x0000000783300000 NTAMS 0x0000000783300000 space 1024K, 100% used [0x0000000783200000, 0x0000000783300000)
AC   0  O    TS     0 PTAMS 0x0000000783400000 NTAMS 0x0000000783400000 space 1024K, 100% used [0x0000000783300000, 0x0000000783400000)
AC   0  O    TS     0 PTAMS 0x0000000783500000 NTAMS 0x0000000783500000 space 1024K, 100% used [0x0000000783400000, 0x0000000783500000)
AC   0  O    TS     0 PTAMS 0x0000000783600000 NTAMS 0x0000000783600000 space 1024K, 100% used [0x0000000783500000, 0x0000000783600000)
AC   0  O    TS     0 PTAMS 0x0000000783700000 NTAMS 0x0000000783700000 space 1024K, 100% used [0x0000000783600000, 0x0000000783700000)
AC   0  O    TS     0 PTAMS 0x0000000783800000 NTAMS 0x0000000783800000 space 1024K, 100% used [0x0000000783700000, 0x0000000783800000)
AC   0  O    TS    37 PTAMS 0x0000000783800000 NTAMS 0x0000000783800000 space 1024K, 100% used [0x0000000783800000, 0x0000000783900000)
AC   0  O    TS     0 PTAMS 0x0000000783a00000 NTAMS 0x0000000783a00000 space 1024K, 100% used [0x0000000783900000, 0x0000000783a00000)
AC   0  O    TS     0 PTAMS 0x0000000783b00000 NTAMS 0x0000000783b00000 space 1024K, 100% used [0x0000000783a00000, 0x0000000783b00000)
AC   0  O    TS     0 PTAMS 0x0000000783c00000 NTAMS 0x0000000783c00000 space 1024K, 100% used [0x0000000783b00000, 0x0000000783c00000)
AC   0  O    TS     0 PTAMS 0x0000000783d00000 NTAMS 0x0000000783d00000 space 1024K, 100% used [0x0000000783c00000, 0x0000000783d00000)
AC   0  O    TS     0 PTAMS 0x0000000783e00000 NTAMS 0x0000000783e00000 space 1024K, 100% used [0x0000000783d00000, 0x0000000783e00000)
AC   0  O    TS     0 PTAMS 0x0000000783f00000 NTAMS 0x0000000783f00000 space 1024K, 100% used [0x0000000783e00000, 0x0000000783f00000)
AC   0  O    TS     0 PTAMS 0x0000000784000000 NTAMS 0x0000000784000000 space 1024K, 100% used [0x0000000783f00000, 0x0000000784000000)
AC   0  O    TS     0 PTAMS 0x0000000784100000 NTAMS 0x0000000784100000 space 1024K, 100% used [0x0000000784000000, 0x0000000784100000)
AC   0  O    TS     0 PTAMS 0x0000000784200000 NTAMS 0x0000000784200000 space 1024K, 100% used [0x0000000784100000, 0x0000000784200000)
AC   0  O    TS     0 PTAMS 0x0000000784300000 NTAMS 0x0000000784300000 space 1024K, 100% used [0x0000000784200000, 0x0000000784300000)
AC   0  O    TS     0 PTAMS 0x0000000784400000 NTAMS 0x0000000784400000 space 1024K, 100% used [0x0000000784300000, 0x0000000784400000)
AC   0  O    TS     0 PTAMS 0x0000000784500000 NTAMS 0x0000000784500000 space 1024K, 100% used [0x0000000784400000, 0x0000000784500000)
AC   0  O    TS     0 PTAMS 0x0000000784600000 NTAMS 0x0000000784600000 space 1024K, 100% used [0x0000000784500000, 0x0000000784600000)
AC   0  O    TS    37 PTAMS 0x0000000784600000 NTAMS 0x0000000784600000 space 1024K, 100% used [0x0000000784600000, 0x0000000784700000)
AC   0  O    TS    37 PTAMS 0x0000000784700000 NTAMS 0x0000000784700000 space 1024K, 100% used [0x0000000784700000, 0x0000000784800000)
AC   0  O    TS    37 PTAMS 0x0000000784800000 NTAMS 0x0000000784800000 space 1024K, 100% used [0x0000000784800000, 0x0000000784900000)
AC   0  O    TS    37 PTAMS 0x0000000784900000 NTAMS 0x0000000784900000 space 1024K, 100% used [0x0000000784900000, 0x0000000784a00000)
AC   0  O    TS     0 PTAMS 0x0000000784b00000 NTAMS 0x0000000784b00000 space 1024K, 100% used [0x0000000784a00000, 0x0000000784b00000)
AC   0  O    TS     0 PTAMS 0x0000000784c00000 NTAMS 0x0000000784c00000 space 1024K, 100% used [0x0000000784b00000, 0x0000000784c00000)
AC   0  O    TS     0 PTAMS 0x0000000784d00000 NTAMS 0x0000000784d00000 space 1024K, 100% used [0x0000000784c00000, 0x0000000784d00000)
AC   0  O    TS     0 PTAMS 0x0000000784e00000 NTAMS 0x0000000784e00000 space 1024K, 100% used [0x0000000784d00000, 0x0000000784e00000)
AC   0  O    TS    37 PTAMS 0x0000000784e00000 NTAMS 0x0000000784e00000 space 1024K, 100% used [0x0000000784e00000, 0x0000000784f00000)
AC   0  O    TS    49 PTAMS 0x0000000784f00000 NTAMS 0x0000000784f00000 space 1024K,  70% used [0x0000000784f00000, 0x0000000785000000)
AC   0  F    TS     0 PTAMS 0x0000000785000000 NTAMS 0x0000000785000000 space 1024K,   0% used [0x0000000785000000, 0x0000000785100000)
AC   0  F    TS     0 PTAMS 0x0000000785100000 NTAMS 0x0000000785100000 space 1024K,   0% used [0x0000000785100000, 0x0000000785200000)
AC   0  F    TS     0 PTAMS 0x0000000785200000 NTAMS 0x0000000785200000 space 1024K,   0% used [0x0000000785200000, 0x0000000785300000)
AC   0  F    TS    33 PTAMS 0x0000000785300000 NTAMS 0x0000000785300000 space 1024K,   0% used [0x0000000785300000, 0x0000000785400000)
AC   0  F    TS    33 PTAMS 0x0000000785400000 NTAMS 0x0000000785400000 space 1024K,   0% used [0x0000000785400000, 0x0000000785500000)
AC   0  F    TS    33 PTAMS 0x0000000785500000 NTAMS 0x0000000785500000 space 1024K,   0% used [0x0000000785500000, 0x0000000785600000)
AC   0  O    TS     0 PTAMS 0x0000000785700000 NTAMS 0x0000000785700000 space 1024K, 100% used [0x0000000785600000, 0x0000000785700000)
AC   0  O    TS     0 PTAMS 0x0000000785800000 NTAMS 0x0000000785800000 space 1024K, 100% used [0x0000000785700000, 0x0000000785800000)
AC   0  F    TS    33 PTAMS 0x0000000785800000 NTAMS 0x0000000785800000 space 1024K,   0% used [0x0000000785800000, 0x0000000785900000)
AC   0  O    TS     0 PTAMS 0x0000000785a00000 NTAMS 0x0000000785a00000 space 1024K, 100% used [0x0000000785900000, 0x0000000785a00000)
AC   0  F    TS    33 PTAMS 0x0000000785a00000 NTAMS 0x0000000785a00000 space 1024K,   0% used [0x0000000785a00000, 0x0000000785b00000)
AC   0  F    TS    33 PTAMS 0x0000000785b00000 NTAMS 0x0000000785b00000 space 1024K,   0% used [0x0000000785b00000, 0x0000000785c00000)
AC   0  F    TS    33 PTAMS 0x0000000785c00000 NTAMS 0x0000000785c00000 space 1024K,   0% used [0x0000000785c00000, 0x0000000785d00000)
AC   0  O    TS     0 PTAMS 0x0000000785e00000 NTAMS 0x0000000785e00000 space 1024K, 100% used [0x0000000785d00000, 0x0000000785e00000)
AC   0  O    TS     0 PTAMS 0x0000000785f00000 NTAMS 0x0000000785f00000 space 1024K, 100% used [0x0000000785e00000, 0x0000000785f00000)
AC   0  O    TS     0 PTAMS 0x0000000786000000 NTAMS 0x0000000786000000 space 1024K, 100% used [0x0000000785f00000, 0x0000000786000000)
AC   0  O    TS     0 PTAMS 0x0000000786100000 NTAMS 0x0000000786100000 space 1024K, 100% used [0x0000000786000000, 0x0000000786100000)
AC   0  O    TS     0 PTAMS 0x0000000786200000 NTAMS 0x0000000786200000 space 1024K, 100% used [0x0000000786100000, 0x0000000786200000)
AC   0  F    TS    33 PTAMS 0x0000000786200000 NTAMS 0x0000000786200000 space 1024K,   0% used [0x0000000786200000, 0x0000000786300000)
AC   0  F    TS    33 PTAMS 0x0000000786300000 NTAMS 0x0000000786300000 space 1024K,   0% used [0x0000000786300000, 0x0000000786400000)
AC   0  F    TS    33 PTAMS 0x0000000786400000 NTAMS 0x0000000786400000 space 1024K,   0% used [0x0000000786400000, 0x0000000786500000)
AC   0  F    TS    33 PTAMS 0x0000000786500000 NTAMS 0x0000000786500000 space 1024K,   0% used [0x0000000786500000, 0x0000000786600000)
AC   0  O    TS     0 PTAMS 0x0000000786700000 NTAMS 0x0000000786700000 space 1024K, 100% used [0x0000000786600000, 0x0000000786700000)
AC   0  O    TS     0 PTAMS 0x0000000786800000 NTAMS 0x0000000786800000 space 1024K, 100% used [0x0000000786700000, 0x0000000786800000)
AC   0  F    TS    33 PTAMS 0x0000000786800000 NTAMS 0x0000000786800000 space 1024K,   0% used [0x0000000786800000, 0x0000000786900000)
AC   0  O    TS     0 PTAMS 0x0000000786a00000 NTAMS 0x0000000786a00000 space 1024K, 100% used [0x0000000786900000, 0x0000000786a00000)
AC   0  F    TS    25 PTAMS 0x0000000786a00000 NTAMS 0x0000000786a00000 space 1024K,   0% used [0x0000000786a00000, 0x0000000786b00000)
AC   0  F    TS    23 PTAMS 0x0000000786b00000 NTAMS 0x0000000786b00000 space 1024K,   0% used [0x0000000786b00000, 0x0000000786c00000)
AC   0  F    TS    31 PTAMS 0x0000000786c00000 NTAMS 0x0000000786c00000 space 1024K,   0% used [0x0000000786c00000, 0x0000000786d00000)
AC   0  O    TS     0 PTAMS 0x0000000786e00000 NTAMS 0x0000000786e00000 space 1024K, 100% used [0x0000000786d00000, 0x0000000786e00000)
AC   0  O    TS     0 PTAMS 0x0000000786f00000 NTAMS 0x0000000786f00000 space 1024K, 100% used [0x0000000786e00000, 0x0000000786f00000)
AC   0  O    TS     0 PTAMS 0x0000000787000000 NTAMS 0x0000000787000000 space 1024K, 100% used [0x0000000786f00000, 0x0000000787000000)
AC   0  O    TS     0 PTAMS 0x0000000787100000 NTAMS 0x0000000787100000 space 1024K, 100% used [0x0000000787000000, 0x0000000787100000)
AC   0  O    TS     0 PTAMS 0x0000000787200000 NTAMS 0x0000000787200000 space 1024K, 100% used [0x0000000787100000, 0x0000000787200000)
AC   0  O    TS     0 PTAMS 0x0000000787300000 NTAMS 0x0000000787300000 space 1024K, 100% used [0x0000000787200000, 0x0000000787300000)
AC   0  O    TS     0 PTAMS 0x0000000787400000 NTAMS 0x0000000787400000 space 1024K, 100% used [0x0000000787300000, 0x0000000787400000)
AC   0  O    TS     0 PTAMS 0x0000000787500000 NTAMS 0x0000000787500000 space 1024K, 100% used [0x0000000787400000, 0x0000000787500000)
AC   0  O    TS     3 PTAMS 0x000000078755ca00 NTAMS 0x000000078755ca00 space 1024K, 100% used [0x0000000787500000, 0x0000000787600000)
AC   0  F    TS    31 PTAMS 0x0000000787600000 NTAMS 0x0000000787600000 space 1024K,   0% used [0x0000000787600000, 0x0000000787700000)
AC   0  F    TS    31 PTAMS 0x0000000787700000 NTAMS 0x0000000787700000 space 1024K,   0% used [0x0000000787700000, 0x0000000787800000)
AC   0  F    TS    15 PTAMS 0x0000000787800000 NTAMS 0x0000000787800000 space 1024K,   0% used [0x0000000787800000, 0x0000000787900000)
AC   0  F    TS    15 PTAMS 0x0000000787900000 NTAMS 0x0000000787900000 space 1024K,   0% used [0x0000000787900000, 0x0000000787a00000)
AC   0  F    TS     0 PTAMS 0x0000000787a00000 NTAMS 0x0000000787a00000 space 1024K,   0% used [0x0000000787a00000, 0x0000000787b00000)
AC   0  F    TS    35 PTAMS 0x0000000787b00000 NTAMS 0x0000000787b00000 space 1024K,   0% used [0x0000000787b00000, 0x0000000787c00000)
AC   0  F    TS    35 PTAMS 0x0000000787c00000 NTAMS 0x0000000787c00000 space 1024K,   0% used [0x0000000787c00000, 0x0000000787d00000)
AC   0  F    TS    35 PTAMS 0x0000000787d00000 NTAMS 0x0000000787d00000 space 1024K,   0% used [0x0000000787d00000, 0x0000000787e00000)
AC   0  F    TS    35 PTAMS 0x0000000787e00000 NTAMS 0x0000000787e00000 space 1024K,   0% used [0x0000000787e00000, 0x0000000787f00000)
AC   0  S CS TS    49 PTAMS 0x0000000787f00000 NTAMS 0x0000000787f00000 space 1024K,  53% used [0x0000000787f00000, 0x0000000788000000)
AC   0  F    TS    47 PTAMS 0x0000000788000000 NTAMS 0x0000000788000000 space 1024K,   0% used [0x0000000788000000, 0x0000000788100000)
AC   0  S CS TS    49 PTAMS 0x0000000788100000 NTAMS 0x0000000788100000 space 1024K, 100% used [0x0000000788100000, 0x0000000788200000)
AC   0  F    TS    39 PTAMS 0x0000000788200000 NTAMS 0x0000000788200000 space 1024K,   0% used [0x0000000788200000, 0x0000000788300000)
AC   0  F    TS    43 PTAMS 0x0000000788300000 NTAMS 0x0000000788300000 space 1024K,   0% used [0x0000000788300000, 0x0000000788400000)
AC   0  F    TS    39 PTAMS 0x0000000788400000 NTAMS 0x0000000788400000 space 1024K,   0% used [0x0000000788400000, 0x0000000788500000)
AC   0  F    TS    41 PTAMS 0x0000000788500000 NTAMS 0x0000000788500000 space 1024K,   0% used [0x0000000788500000, 0x0000000788600000)
AC   0  F    TS    35 PTAMS 0x0000000788600000 NTAMS 0x0000000788600000 space 1024K,   0% used [0x0000000788600000, 0x0000000788700000)
AC   0  F    TS    35 PTAMS 0x0000000788700000 NTAMS 0x0000000788700000 space 1024K,   0% used [0x0000000788700000, 0x0000000788800000)
AC   0  F    TS     0 PTAMS 0x0000000788800000 NTAMS 0x0000000788800000 space 1024K,   0% used [0x0000000788800000, 0x0000000788900000)
AC   0  F    TS     0 PTAMS 0x0000000788900000 NTAMS 0x0000000788900000 space 1024K,   0% used [0x0000000788900000, 0x0000000788a00000)
AC   0  F    TS     0 PTAMS 0x0000000788a00000 NTAMS 0x0000000788a00000 space 1024K,   0% used [0x0000000788a00000, 0x0000000788b00000)
AC   0  F    TS    37 PTAMS 0x0000000788b00000 NTAMS 0x0000000788b00000 space 1024K,   0% used [0x0000000788b00000, 0x0000000788c00000)
AC   0  F    TS    37 PTAMS 0x0000000788c00000 NTAMS 0x0000000788c00000 space 1024K,   0% used [0x0000000788c00000, 0x0000000788d00000)
AC   0  F    TS     0 PTAMS 0x0000000788d00000 NTAMS 0x0000000788d00000 space 1024K,   0% used [0x0000000788d00000, 0x0000000788e00000)
AC   0  F    TS     0 PTAMS 0x0000000788e00000 NTAMS 0x0000000788e00000 space 1024K,   0% used [0x0000000788e00000, 0x0000000788f00000)
AC   0  F    TS     0 PTAMS 0x0000000788f00000 NTAMS 0x0000000788f00000 space 1024K,   0% used [0x0000000788f00000, 0x0000000789000000)
AC   0  F    TS     1 PTAMS 0x0000000789000000 NTAMS 0x0000000789000000 space 1024K,   0% used [0x0000000789000000, 0x0000000789100000)
AC   0  F    TS     1 PTAMS 0x0000000789100000 NTAMS 0x0000000789100000 space 1024K,   0% used [0x0000000789100000, 0x0000000789200000)
AC   0  F    TS     0 PTAMS 0x0000000789200000 NTAMS 0x0000000789200000 space 1024K,   0% used [0x0000000789200000, 0x0000000789300000)
AC   0  F    TS     0 PTAMS 0x0000000789300000 NTAMS 0x0000000789300000 space 1024K,   0% used [0x0000000789300000, 0x0000000789400000)
AC   0  F    TS     0 PTAMS 0x0000000789400000 NTAMS 0x0000000789400000 space 1024K,   0% used [0x0000000789400000, 0x0000000789500000)
AC   0  F    TS     1 PTAMS 0x0000000789500000 NTAMS 0x0000000789500000 space 1024K,   0% used [0x0000000789500000, 0x0000000789600000)
AC   0  F    TS     1 PTAMS 0x0000000789600000 NTAMS 0x0000000789600000 space 1024K,   0% used [0x0000000789600000, 0x0000000789700000)
AC   0  F    TS     0 PTAMS 0x0000000789700000 NTAMS 0x0000000789700000 space 1024K,   0% used [0x0000000789700000, 0x0000000789800000)
AC   0  F    TS     0 PTAMS 0x0000000789800000 NTAMS 0x0000000789800000 space 1024K,   0% used [0x0000000789800000, 0x0000000789900000)
AC   0  F    TS     0 PTAMS 0x0000000789900000 NTAMS 0x0000000789900000 space 1024K,   0% used [0x0000000789900000, 0x0000000789a00000)
AC   0  F    TS     0 PTAMS 0x0000000789a00000 NTAMS 0x0000000789a00000 space 1024K,   0% used [0x0000000789a00000, 0x0000000789b00000)
AC   0  F    TS     0 PTAMS 0x0000000789b00000 NTAMS 0x0000000789b00000 space 1024K,   0% used [0x0000000789b00000, 0x0000000789c00000)
AC   0  F    TS     0 PTAMS 0x0000000789c00000 NTAMS 0x0000000789c00000 space 1024K,   0% used [0x0000000789c00000, 0x0000000789d00000)
AC   0  F    TS     0 PTAMS 0x0000000789d00000 NTAMS 0x0000000789d00000 space 1024K,   0% used [0x0000000789d00000, 0x0000000789e00000)
AC   0  F    TS     0 PTAMS 0x0000000789e00000 NTAMS 0x0000000789e00000 space 1024K,   0% used [0x0000000789e00000, 0x0000000789f00000)
AC   0  F    TS     0 PTAMS 0x0000000789f00000 NTAMS 0x0000000789f00000 space 1024K,   0% used [0x0000000789f00000, 0x000000078a000000)
AC   0  F    TS     0 PTAMS 0x000000078a000000 NTAMS 0x000000078a000000 space 1024K,   0% used [0x000000078a000000, 0x000000078a100000)
AC   0  F    TS     0 PTAMS 0x000000078a100000 NTAMS 0x000000078a100000 space 1024K,   0% used [0x000000078a100000, 0x000000078a200000)
AC   0  F    TS     0 PTAMS 0x000000078a200000 NTAMS 0x000000078a200000 space 1024K,   0% used [0x000000078a200000, 0x000000078a300000)
AC   0  F    TS     0 PTAMS 0x000000078a300000 NTAMS 0x000000078a300000 space 1024K,   0% used [0x000000078a300000, 0x000000078a400000)
AC   0  F    TS     0 PTAMS 0x000000078a400000 NTAMS 0x000000078a400000 space 1024K,   0% used [0x000000078a400000, 0x000000078a500000)
AC   0  F    TS     0 PTAMS 0x000000078a500000 NTAMS 0x000000078a500000 space 1024K,   0% used [0x000000078a500000, 0x000000078a600000)
AC   0  F    TS     0 PTAMS 0x000000078a600000 NTAMS 0x000000078a600000 space 1024K,   0% used [0x000000078a600000, 0x000000078a700000)
AC   0  F    TS     0 PTAMS 0x000000078a700000 NTAMS 0x000000078a700000 space 1024K,   0% used [0x000000078a700000, 0x000000078a800000)
AC   0  F    TS     0 PTAMS 0x000000078a800000 NTAMS 0x000000078a800000 space 1024K,   0% used [0x000000078a800000, 0x000000078a900000)
AC   0  F    TS     0 PTAMS 0x000000078a900000 NTAMS 0x000000078a900000 space 1024K,   0% used [0x000000078a900000, 0x000000078aa00000)
AC   0  F    TS     0 PTAMS 0x000000078aa00000 NTAMS 0x000000078aa00000 space 1024K,   0% used [0x000000078aa00000, 0x000000078ab00000)
AC   0  F    TS     0 PTAMS 0x000000078ab00000 NTAMS 0x000000078ab00000 space 1024K,   0% used [0x000000078ab00000, 0x000000078ac00000)
AC   0  F    TS     0 PTAMS 0x000000078ac00000 NTAMS 0x000000078ac00000 space 1024K,   0% used [0x000000078ac00000, 0x000000078ad00000)
AC   0  F    TS     0 PTAMS 0x000000078ad00000 NTAMS 0x000000078ad00000 space 1024K,   0% used [0x000000078ad00000, 0x000000078ae00000)
AC   0  F    TS     0 PTAMS 0x000000078ae00000 NTAMS 0x000000078ae00000 space 1024K,   0% used [0x000000078ae00000, 0x000000078af00000)
AC   0  F    TS     0 PTAMS 0x000000078af00000 NTAMS 0x000000078af00000 space 1024K,   0% used [0x000000078af00000, 0x000000078b000000)
AC   0  F    TS     0 PTAMS 0x000000078b000000 NTAMS 0x000000078b000000 space 1024K,   0% used [0x000000078b000000, 0x000000078b100000)
AC   0  F    TS     0 PTAMS 0x000000078b100000 NTAMS 0x000000078b100000 space 1024K,   0% used [0x000000078b100000, 0x000000078b200000)
AC   0  F    TS     0 PTAMS 0x000000078b200000 NTAMS 0x000000078b200000 space 1024K,   0% used [0x000000078b200000, 0x000000078b300000)
AC   0  F    TS     0 PTAMS 0x000000078b300000 NTAMS 0x000000078b300000 space 1024K,   0% used [0x000000078b300000, 0x000000078b400000)
AC   0  F    TS     0 PTAMS 0x000000078b400000 NTAMS 0x000000078b400000 space 1024K,   0% used [0x000000078b400000, 0x000000078b500000)
AC   0  F    TS     0 PTAMS 0x000000078b500000 NTAMS 0x000000078b500000 space 1024K,   0% used [0x000000078b500000, 0x000000078b600000)
AC   0  F    TS     0 PTAMS 0x000000078b600000 NTAMS 0x000000078b600000 space 1024K,   0% used [0x000000078b600000, 0x000000078b700000)
AC   0  F    TS     0 PTAMS 0x000000078b700000 NTAMS 0x000000078b700000 space 1024K,   0% used [0x000000078b700000, 0x000000078b800000)
AC   0  F    TS     0 PTAMS 0x000000078b800000 NTAMS 0x000000078b800000 space 1024K,   0% used [0x000000078b800000, 0x000000078b900000)
AC   0  F    TS     0 PTAMS 0x000000078b900000 NTAMS 0x000000078b900000 space 1024K,   0% used [0x000000078b900000, 0x000000078ba00000)
AC   0  F    TS     0 PTAMS 0x000000078ba00000 NTAMS 0x000000078ba00000 space 1024K,   0% used [0x000000078ba00000, 0x000000078bb00000)
AC   0  F    TS     0 PTAMS 0x000000078bb00000 NTAMS 0x000000078bb00000 space 1024K,   0% used [0x000000078bb00000, 0x000000078bc00000)
AC   0  F    TS     0 PTAMS 0x000000078bc00000 NTAMS 0x000000078bc00000 space 1024K,   0% used [0x000000078bc00000, 0x000000078bd00000)
AC   0  F    TS     0 PTAMS 0x000000078bd00000 NTAMS 0x000000078bd00000 space 1024K,   0% used [0x000000078bd00000, 0x000000078be00000)
AC   0  F    TS     0 PTAMS 0x000000078be00000 NTAMS 0x000000078be00000 space 1024K,   0% used [0x000000078be00000, 0x000000078bf00000)
AC   0  F    TS     0 PTAMS 0x000000078bf00000 NTAMS 0x000000078bf00000 space 1024K,   0% used [0x000000078bf00000, 0x000000078c000000)
AC   0  F    TS     0 PTAMS 0x000000078c000000 NTAMS 0x000000078c000000 space 1024K,   0% used [0x000000078c000000, 0x000000078c100000)
AC   0  F    TS     0 PTAMS 0x000000078c100000 NTAMS 0x000000078c100000 space 1024K,   0% used [0x000000078c100000, 0x000000078c200000)
AC   0  F    TS     0 PTAMS 0x000000078c200000 NTAMS 0x000000078c200000 space 1024K,   0% used [0x000000078c200000, 0x000000078c300000)
AC   0  F    TS     0 PTAMS 0x000000078c300000 NTAMS 0x000000078c300000 space 1024K,   0% used [0x000000078c300000, 0x000000078c400000)
AC   0  F    TS     0 PTAMS 0x000000078c400000 NTAMS 0x000000078c400000 space 1024K,   0% used [0x000000078c400000, 0x000000078c500000)
AC   0  F    TS     0 PTAMS 0x000000078c500000 NTAMS 0x000000078c500000 space 1024K,   0% used [0x000000078c500000, 0x000000078c600000)
AC   0  F    TS     0 PTAMS 0x000000078c600000 NTAMS 0x000000078c600000 space 1024K,   0% used [0x000000078c600000, 0x000000078c700000)
AC   0  F    TS     0 PTAMS 0x000000078c700000 NTAMS 0x000000078c700000 space 1024K,   0% used [0x000000078c700000, 0x000000078c800000)
AC   0  F    TS     0 PTAMS 0x000000078c800000 NTAMS 0x000000078c800000 space 1024K,   0% used [0x000000078c800000, 0x000000078c900000)
AC   0  F    TS     0 PTAMS 0x000000078c900000 NTAMS 0x000000078c900000 space 1024K,   0% used [0x000000078c900000, 0x000000078ca00000)
AC   0  F    TS     0 PTAMS 0x000000078ca00000 NTAMS 0x000000078ca00000 space 1024K,   0% used [0x000000078ca00000, 0x000000078cb00000)
AC   0  F    TS     0 PTAMS 0x000000078cb00000 NTAMS 0x000000078cb00000 space 1024K,   0% used [0x000000078cb00000, 0x000000078cc00000)
AC   0  F    TS     0 PTAMS 0x000000078cc00000 NTAMS 0x000000078cc00000 space 1024K,   0% used [0x000000078cc00000, 0x000000078cd00000)
AC   0  F    TS     0 PTAMS 0x000000078cd00000 NTAMS 0x000000078cd00000 space 1024K,   0% used [0x000000078cd00000, 0x000000078ce00000)
AC   0  F    TS     0 PTAMS 0x000000078ce00000 NTAMS 0x000000078ce00000 space 1024K,   0% used [0x000000078ce00000, 0x000000078cf00000)
AC   0  F    TS     0 PTAMS 0x000000078cf00000 NTAMS 0x000000078cf00000 space 1024K,   0% used [0x000000078cf00000, 0x000000078d000000)
AC   0  F    TS     0 PTAMS 0x000000078d000000 NTAMS 0x000000078d000000 space 1024K,   0% used [0x000000078d000000, 0x000000078d100000)
AC   0  F    TS     0 PTAMS 0x000000078d100000 NTAMS 0x000000078d100000 space 1024K,   0% used [0x000000078d100000, 0x000000078d200000)
AC   0  F    TS     0 PTAMS 0x000000078d200000 NTAMS 0x000000078d200000 space 1024K,   0% used [0x000000078d200000, 0x000000078d300000)
AC   0  F    TS     0 PTAMS 0x000000078d300000 NTAMS 0x000000078d300000 space 1024K,   0% used [0x000000078d300000, 0x000000078d400000)
AC   0  F    TS     0 PTAMS 0x000000078d400000 NTAMS 0x000000078d400000 space 1024K,   0% used [0x000000078d400000, 0x000000078d500000)
AC   0  F    TS     0 PTAMS 0x000000078d500000 NTAMS 0x000000078d500000 space 1024K,   0% used [0x000000078d500000, 0x000000078d600000)
AC   0  F    TS     0 PTAMS 0x000000078d600000 NTAMS 0x000000078d600000 space 1024K,   0% used [0x000000078d600000, 0x000000078d700000)
AC   0  F    TS     0 PTAMS 0x000000078d700000 NTAMS 0x000000078d700000 space 1024K,   0% used [0x000000078d700000, 0x000000078d800000)
AC   0  F    TS     0 PTAMS 0x000000078d800000 NTAMS 0x000000078d800000 space 1024K,   0% used [0x000000078d800000, 0x000000078d900000)
AC   0  F    TS     0 PTAMS 0x000000078d900000 NTAMS 0x000000078d900000 space 1024K,   0% used [0x000000078d900000, 0x000000078da00000)
AC   0  F    TS     0 PTAMS 0x000000078da00000 NTAMS 0x000000078da00000 space 1024K,   0% used [0x000000078da00000, 0x000000078db00000)
AC   0  F    TS     0 PTAMS 0x000000078db00000 NTAMS 0x000000078db00000 space 1024K,   0% used [0x000000078db00000, 0x000000078dc00000)
AC   0  F    TS     0 PTAMS 0x000000078dc00000 NTAMS 0x000000078dc00000 space 1024K,   0% used [0x000000078dc00000, 0x000000078dd00000)
AC   0  F    TS     0 PTAMS 0x000000078dd00000 NTAMS 0x000000078dd00000 space 1024K,   0% used [0x000000078dd00000, 0x000000078de00000)
AC   0  F    TS     0 PTAMS 0x000000078de00000 NTAMS 0x000000078de00000 space 1024K,   0% used [0x000000078de00000, 0x000000078df00000)
AC   0  F    TS     0 PTAMS 0x000000078df00000 NTAMS 0x000000078df00000 space 1024K,   0% used [0x000000078df00000, 0x000000078e000000)
AC   0  F    TS     0 PTAMS 0x000000078e000000 NTAMS 0x000000078e000000 space 1024K,   0% used [0x000000078e000000, 0x000000078e100000)
AC   0  F    TS     0 PTAMS 0x000000078e100000 NTAMS 0x000000078e100000 space 1024K,   0% used [0x000000078e100000, 0x000000078e200000)
AC   0  F    TS     0 PTAMS 0x000000078e200000 NTAMS 0x000000078e200000 space 1024K,   0% used [0x000000078e200000, 0x000000078e300000)
AC   0  F    TS     0 PTAMS 0x000000078e300000 NTAMS 0x000000078e300000 space 1024K,   0% used [0x000000078e300000, 0x000000078e400000)
AC   0  F    TS     0 PTAMS 0x000000078e400000 NTAMS 0x000000078e400000 space 1024K,   0% used [0x000000078e400000, 0x000000078e500000)
AC   0  F    TS     0 PTAMS 0x000000078e500000 NTAMS 0x000000078e500000 space 1024K,   0% used [0x000000078e500000, 0x000000078e600000)
AC   0  F    TS     0 PTAMS 0x000000078e600000 NTAMS 0x000000078e600000 space 1024K,   0% used [0x000000078e600000, 0x000000078e700000)
AC   0  F    TS     0 PTAMS 0x000000078e700000 NTAMS 0x000000078e700000 space 1024K,   0% used [0x000000078e700000, 0x000000078e800000)
AC   0  F    TS     0 PTAMS 0x000000078e800000 NTAMS 0x000000078e800000 space 1024K,   0% used [0x000000078e800000, 0x000000078e900000)
AC   0  F    TS     0 PTAMS 0x000000078e900000 NTAMS 0x000000078e900000 space 1024K,   0% used [0x000000078e900000, 0x000000078ea00000)
AC   0  F    TS     0 PTAMS 0x000000078ea00000 NTAMS 0x000000078ea00000 space 1024K,   0% used [0x000000078ea00000, 0x000000078eb00000)
AC   0  F    TS     0 PTAMS 0x000000078eb00000 NTAMS 0x000000078eb00000 space 1024K,   0% used [0x000000078eb00000, 0x000000078ec00000)
AC   0  F    TS     0 PTAMS 0x000000078ec00000 NTAMS 0x000000078ec00000 space 1024K,   0% used [0x000000078ec00000, 0x000000078ed00000)
AC   0  F    TS     0 PTAMS 0x000000078ed00000 NTAMS 0x000000078ed00000 space 1024K,   0% used [0x000000078ed00000, 0x000000078ee00000)
AC   0  F    TS     0 PTAMS 0x000000078ee00000 NTAMS 0x000000078ee00000 space 1024K,   0% used [0x000000078ee00000, 0x000000078ef00000)
AC   0  F    TS     0 PTAMS 0x000000078ef00000 NTAMS 0x000000078ef00000 space 1024K,   0% used [0x000000078ef00000, 0x000000078f000000)
AC   0  F    TS     0 PTAMS 0x000000078f000000 NTAMS 0x000000078f000000 space 1024K,   0% used [0x000000078f000000, 0x000000078f100000)
AC   0  F    TS     0 PTAMS 0x000000078f100000 NTAMS 0x000000078f100000 space 1024K,   0% used [0x000000078f100000, 0x000000078f200000)
AC   0  F    TS     0 PTAMS 0x000000078f200000 NTAMS 0x000000078f200000 space 1024K,   0% used [0x000000078f200000, 0x000000078f300000)
AC   0  F    TS     0 PTAMS 0x000000078f300000 NTAMS 0x000000078f300000 space 1024K,   0% used [0x000000078f300000, 0x000000078f400000)
AC   0  F    TS     0 PTAMS 0x000000078f400000 NTAMS 0x000000078f400000 space 1024K,   0% used [0x000000078f400000, 0x000000078f500000)
AC   0  F    TS     0 PTAMS 0x000000078f500000 NTAMS 0x000000078f500000 space 1024K,   0% used [0x000000078f500000, 0x000000078f600000)
AC   0  F    TS     3 PTAMS 0x000000078f600000 NTAMS 0x000000078f600000 space 1024K,   0% used [0x000000078f600000, 0x000000078f700000)
AC   0  F    TS     3 PTAMS 0x000000078f700000 NTAMS 0x000000078f700000 space 1024K,   0% used [0x000000078f700000, 0x000000078f800000)
AC   0  F    TS     0 PTAMS 0x000000078f800000 NTAMS 0x000000078f800000 space 1024K,   0% used [0x000000078f800000, 0x000000078f900000)
AC   0  F    TS     0 PTAMS 0x000000078f900000 NTAMS 0x000000078f900000 space 1024K,   0% used [0x000000078f900000, 0x000000078fa00000)
AC   0  F    TS     0 PTAMS 0x000000078fa00000 NTAMS 0x000000078fa00000 space 1024K,   0% used [0x000000078fa00000, 0x000000078fb00000)
AC   0  F    TS     0 PTAMS 0x000000078fb00000 NTAMS 0x000000078fb00000 space 1024K,   0% used [0x000000078fb00000, 0x000000078fc00000)
AC   0  F    TS     0 PTAMS 0x000000078fc00000 NTAMS 0x000000078fc00000 space 1024K,   0% used [0x000000078fc00000, 0x000000078fd00000)
AC   0  E    TS     0 PTAMS 0x000000078fd00000 NTAMS 0x000000078fd00000 space 1024K, 100% used [0x000000078fd00000, 0x000000078fe00000)
AC   0  E CS TS     0 PTAMS 0x000000078fe00000 NTAMS 0x000000078fe00000 space 1024K, 100% used [0x000000078fe00000, 0x000000078ff00000)
AC   0  E CS TS     0 PTAMS 0x000000078ff00000 NTAMS 0x000000078ff00000 space 1024K, 100% used [0x000000078ff00000, 0x0000000790000000)

Card table byte_map: [0x0000000115418000,0x0000000115618000] byte_map_base: 0x0000000111818000

Marking Bits (Prev, Next): (CMBitMap*) 0x0000000102807ae0, (CMBitMap*) 0x0000000102807a88
 Prev Bits: [0x0000000116818000, 0x0000000117818000)
 Next Bits: [0x0000000115818000, 0x0000000116818000)

Polling page: 0x000000010039b000

CodeCache: size=245760Kb used=55399Kb max_used=55827Kb free=190360Kb
 bounds [0x0000000106018000, 0x0000000109748000, 0x0000000115018000]
 total_blobs=14906 nmethods=14134 adapters=681
 compilation: enabled

Compilation events (10 events):
Event: 5357.578 Thread 0x000000010082d000 18766       4       org.eclipse.swt.internal.cocoa.NSWindow::windowNumberAtPoint (12 bytes)
Event: 5357.580 Thread 0x000000010082d000 nmethod 18766 0x0000000106447c90 code [0x0000000106447de0, 0x0000000106447e68]
Event: 5357.580 Thread 0x00000001010d4000 18767       4       org.eclipse.swt.internal.cocoa.NSApplication::windowWithWindowNumber (31 bytes)
Event: 5357.580 Thread 0x000000010202e800 18768       3       org.eclipse.cdt.internal.ui.buildconsole.ConsoleOutputTextStore::replace (21 bytes)
Event: 5357.582 Thread 0x000000010202e800 nmethod 18768 0x00000001095721d0 code [0x0000000109572340, 0x0000000109572608]
Event: 5357.584 Thread 0x00000001010d4000 nmethod 18767 0x0000000107523590 code [0x00000001075236e0, 0x00000001075237c8]
Event: 5357.687 Thread 0x000000010202e800 18769   !   3       org.eclipse.ui.internal.contexts.ContextAuthority::sourceChanged (400 bytes)
Event: 5357.689 Thread 0x000000010202e800 nmethod 18769 0x000000010938de50 code [0x000000010938e320, 0x00000001093913f8]
Event: 5357.711 Thread 0x000000010082d000 18770       4       java.util.TimSort::mergeAt (358 bytes)
Event: 5357.714 Thread 0x000000010082d000 nmethod 18770 0x0000000107afb1d0 code [0x0000000107afb360, 0x0000000107afb730]

GC Heap History (10 events):
Event: 5134.224 GC heap before
{Heap before GC invocations=48 (full 0):
 garbage-first heap   total 262144K, used 229096K [0x0000000780000000, 0x0000000780100800, 0x00000007c0000000)
  region size 1024K, 125 young (128000K), 3 survivors (3072K)
 Metaspace       used 100941K, capacity 110186K, committed 110416K, reserved 1144832K
  class space    used 12400K, capacity 15190K, committed 15232K, reserved 1048576K
Event: 5134.231 GC heap after
Heap after GC invocations=49 (full 0):
 garbage-first heap   total 262144K, used 103211K [0x0000000780000000, 0x0000000780100800, 0x00000007c0000000)
  region size 1024K, 2 young (2048K), 2 survivors (2048K)
 Metaspace       used 100941K, capacity 110186K, committed 110416K, reserved 1144832K
  class space    used 12400K, capacity 15190K, committed 15232K, reserved 1048576K
}
Event: 5192.971 GC heap before
{Heap before GC invocations=49 (full 0):
 garbage-first heap   total 262144K, used 229163K [0x0000000780000000, 0x0000000780100800, 0x00000007c0000000)
  region size 1024K, 125 young (128000K), 2 survivors (2048K)
 Metaspace       used 100941K, capacity 110186K, committed 110416K, reserved 1144832K
  class space    used 12400K, capacity 15190K, committed 15232K, reserved 1048576K
Event: 5192.979 GC heap after
Heap after GC invocations=50 (full 0):
 garbage-first heap   total 262144K, used 102460K [0x0000000780000000, 0x0000000780100800, 0x00000007c0000000)
  region size 1024K, 1 young (1024K), 1 survivors (1024K)
 Metaspace       used 100941K, capacity 110186K, committed 110416K, reserved 1144832K
  class space    used 12400K, capacity 15190K, committed 15232K, reserved 1048576K
}
Event: 5251.415 GC heap before
{Heap before GC invocations=50 (full 0):
 garbage-first heap   total 262144K, used 230460K [0x0000000780000000, 0x0000000780100800, 0x00000007c0000000)
  region size 1024K, 126 young (129024K), 1 survivors (1024K)
 Metaspace       used 100941K, capacity 110186K, committed 110416K, reserved 1144832K
  class space    used 12400K, capacity 15190K, committed 15232K, reserved 1048576K
Event: 5251.421 GC heap after
Heap after GC invocations=51 (full 0):
 garbage-first heap   total 262144K, used 102590K [0x0000000780000000, 0x0000000780100800, 0x00000007c0000000)
  region size 1024K, 1 young (1024K), 1 survivors (1024K)
 Metaspace       used 100941K, capacity 110186K, committed 110416K, reserved 1144832K
  class space    used 12400K, capacity 15190K, committed 15232K, reserved 1048576K
}
Event: 5311.371 GC heap before
{Heap before GC invocations=51 (full 0):
 garbage-first heap   total 262144K, used 231614K [0x0000000780000000, 0x0000000780100800, 0x00000007c0000000)
  region size 1024K, 127 young (130048K), 1 survivors (1024K)
 Metaspace       used 100941K, capacity 110186K, committed 110416K, reserved 1144832K
  class space    used 12400K, capacity 15190K, committed 15232K, reserved 1048576K
Event: 5311.378 GC heap after
Heap after GC invocations=52 (full 0):
 garbage-first heap   total 262144K, used 102513K [0x0000000780000000, 0x0000000780100800, 0x00000007c0000000)
  region size 1024K, 1 young (1024K), 1 survivors (1024K)
 Metaspace       used 100941K, capacity 110186K, committed 110416K, reserved 1144832K
  class space    used 12400K, capacity 15190K, committed 15232K, reserved 1048576K
}
Event: 5357.628 GC heap before
{Heap before GC invocations=52 (full 0):
 garbage-first heap   total 262144K, used 231537K [0x0000000780000000, 0x0000000780100800, 0x00000007c0000000)
  region size 1024K, 127 young (130048K), 1 survivors (1024K)
 Metaspace       used 100990K, capacity 110378K, committed 110672K, reserved 1144832K
  class space    used 12401K, capacity 15190K, committed 15232K, reserved 1048576K
Event: 5357.635 GC heap after
Heap after GC invocations=53 (full 0):
 garbage-first heap   total 262144K, used 103182K [0x0000000780000000, 0x0000000780100800, 0x00000007c0000000)
  region size 1024K, 2 young (2048K), 2 survivors (2048K)
 Metaspace       used 100990K, capacity 110378K, committed 110672K, reserved 1144832K
  class space    used 12401K, capacity 15190K, committed 15232K, reserved 1048576K
}

Deoptimization events (10 events):
Event: 5015.747 Thread 0x000000010081f000 Uncommon trap: reason=unstable_if action=reinterpret pc=0x0000000107efdd98 method=org.eclipse.swt.widgets.Canvas.scroll(IIIIIIZ)V @ 28
Event: 5058.933 Thread 0x000000010081f000 Uncommon trap: reason=unstable_if action=reinterpret pc=0x000000010937f6e4 method=org.eclipse.ui.internal.console.IOConsolePartitioner.documentChanged2(Lorg/eclipse/jface/text/DocumentEvent;)Lorg/eclipse/jface/text/IRegion; @ 102
Event: 5058.933 Thread 0x000000010081f000 Uncommon trap: reason=unstable_if action=reinterpret pc=0x000000010854f4d0 method=org.eclipse.jface.text.TreeLineTracker.getLineDelimiter(I)Ljava/lang/String; @ 12
Event: 5058.933 Thread 0x000000010081f000 Uncommon trap: reason=unstable_if action=reinterpret pc=0x0000000106e77ff4 method=org.eclipse.ui.internal.console.IOConsolePartitioner.computePartitioning(II)[Lorg/eclipse/jface/text/ITypedRegion; @ 28
Event: 5058.933 Thread 0x000000010081f000 Uncommon trap: reason=unstable_if action=reinterpret pc=0x0000000106f0af64 method=org.eclipse.ui.internal.console.IOConsolePartition.getColor()Lorg/eclipse/swt/graphics/Color; @ 10
Event: 5058.933 Thread 0x000000010081f000 Uncommon trap: reason=unstable_if action=reinterpret pc=0x00000001088da89c method=org.eclipse.ui.internal.console.IOConsolePartition.getFontStyle()I @ 10
Event: 5058.934 Thread 0x000000010081f000 Uncommon trap: reason=unstable_if action=reinterpret pc=0x000000010958625c method=org.eclipse.swt.custom.StyledText.updateCaretVisibility()V @ 87
Event: 5065.772 Thread 0x000000010081f000 Uncommon trap: reason=unstable_if action=reinterpret pc=0x0000000108d2bd08 method=org.eclipse.swt.custom.StyledText.resetCache(II)V @ 38
Event: 5065.772 Thread 0x000000010081f000 Uncommon trap: reason=unstable_if action=reinterpret pc=0x0000000106f87334 method=org.eclipse.swt.custom.StyledText.updateSelection(III)V @ 8
Event: 5357.428 Thread 0x000000010081f000 Uncommon trap: reason=unstable_if action=reinterpret pc=0x0000000108ce7c48 method=org.eclipse.swt.internal.cocoa.NSView.hitTest(Lorg/eclipse/swt/internal/cocoa/NSPoint;)Lorg/eclipse/swt/internal/cocoa/NSView; @ 28

Internal exceptions (10 events):
Event: 4883.389 Thread 0x0000000126bd1000 Exception <a 'java/lang/InterruptedException'> (0x000000078a0b23d8) thrown at [/Users/java_re/workspace/8-2-build-macosx-x86_64/jdk8u71/5731/hotspot/src/share/vm/runtime/objectMonitor.cpp, line 1683]
Event: 4898.216 Thread 0x0000000126e48800 Exception <a 'java/lang/UnsatisfiedLinkError': org.eclipse.cdt.utils.spawner.SpawnerInputStream.available0(I)I> (0x000000078869a8a0) thrown at [/Users/java_re/workspace/8-2-build-macosx-x86_64/jdk8u71/5731/hotspot/src/share/vm/prims/nativeLookup.cpp, line
Event: 4898.306 Thread 0x00000001015ad000 Exception <a 'sun/nio/fs/UnixException'> (0x00000007880e5d70) thrown at [/Users/java_re/workspace/8-2-build-macosx-x86_64/jdk8u71/5731/hotspot/src/share/vm/prims/jni.cpp, line 709]
Event: 4898.320 Thread 0x0000000126cbc000 Exception <a 'sun/nio/fs/UnixException'> (0x0000000787f47c28) thrown at [/Users/java_re/workspace/8-2-build-macosx-x86_64/jdk8u71/5731/hotspot/src/share/vm/prims/jni.cpp, line 709]
Event: 4928.892 Thread 0x000000010081f000 Implicit null exception at 0x0000000109307887 to 0x000000010930c709
Event: 4939.280 Thread 0x000000010081f000 Implicit null exception at 0x0000000108b664bd to 0x0000000108b66f85
Event: 5000.141 Thread 0x0000000126e9f000 Exception <a 'java/lang/InterruptedException'> (0x000000078ffbec30) thrown at [/Users/java_re/workspace/8-2-build-macosx-x86_64/jdk8u71/5731/hotspot/src/share/vm/runtime/objectMonitor.cpp, line 1683]
Event: 5357.272 Thread 0x0000000121ecd000 Exception <a 'java/lang/UnsatisfiedLinkError': org.eclipse.cdt.utils.spawner.SpawnerInputStream.available0(I)I> (0x0000000788bc2e70) thrown at [/Users/java_re/workspace/8-2-build-macosx-x86_64/jdk8u71/5731/hotspot/src/share/vm/prims/nativeLookup.cpp, line
Event: 5357.441 Thread 0x00000001016d2000 Exception <a 'sun/nio/fs/UnixException'> (0x00000007883695a8) thrown at [/Users/java_re/workspace/8-2-build-macosx-x86_64/jdk8u71/5731/hotspot/src/share/vm/prims/jni.cpp, line 709]
Event: 5357.457 Thread 0x0000000126cbc000 Exception <a 'sun/nio/fs/UnixException'> (0x00000007883eeb90) thrown at [/Users/java_re/workspace/8-2-build-macosx-x86_64/jdk8u71/5731/hotspot/src/share/vm/prims/jni.cpp, line 709]

Events (10 events):
Event: 5357.689 Thread 0x000000010202e800 flushing nmethod 0x000000010817ef50
Event: 5357.689 Thread 0x000000010202e800 flushing nmethod 0x00000001081dc650
Event: 5357.689 Thread 0x000000010202e800 flushing nmethod 0x000000010821c190
Event: 5357.690 Thread 0x000000010202e800 flushing nmethod 0x0000000108461790
Event: 5357.690 Thread 0x000000010202e800 flushing nmethod 0x00000001084920d0
Event: 5357.690 Thread 0x000000010202e800 flushing nmethod 0x00000001084a49d0
Event: 5357.716 Thread 0x000000010082d000 flushing nmethod 0x0000000108641c90
Event: 5357.979 Executing VM operation: RevokeBias
Event: 5357.979 Executing VM operation: RevokeBias done
Event: 5357.980 Thread 0x0000000101677000 Thread added: 0x0000000101677000


Dynamic libraries:
0x00000000498e6000 	/System/Library/Frameworks/Cocoa.framework/Versions/A/Cocoa
0x00000000498e6000 	/usr/lib/libSystem.B.dylib
0x00000000498e6000 	/System/Library/Frameworks/CoreServices.framework/Versions/A/CoreServices
0x00000000498e6000 	/usr/lib/libobjc.A.dylib
0x00000000498e6000 	/System/Library/Frameworks/CoreFoundation.framework/Versions/A/CoreFoundation
0x00000000498e6000 	/System/Library/Frameworks/AppKit.framework/Versions/C/AppKit
0x00000000498e6000 	/System/Library/Frameworks/ApplicationServices.framework/Versions/A/ApplicationServices
0x00000000498e6000 	/System/Library/Frameworks/Foundation.framework/Versions/C/Foundation
0x00000000498e6000 	/System/Library/Frameworks/CoreData.framework/Versions/A/CoreData
0x00000000498e6000 	/System/Library/PrivateFrameworks/RemoteViewServices.framework/Versions/A/RemoteViewServices
0x00000000498e6000 	/System/Library/PrivateFrameworks/UIFoundation.framework/Versions/A/UIFoundation
0x00000000498e6000 	/usr/lib/libenergytrace.dylib
0x00000000498e6000 	/System/Library/PrivateFrameworks/SkyLight.framework/Versions/A/SkyLight
0x00000000498e6000 	/System/Library/Frameworks/CoreGraphics.framework/Versions/A/CoreGraphics
0x00000000498e6000 	/usr/lib/libScreenReader.dylib
0x00000000498e6000 	/System/Library/Frameworks/Accelerate.framework/Versions/A/Accelerate
0x00000000498e6000 	/System/Library/Frameworks/IOSurface.framework/Versions/A/IOSurface
0x00000000498e6000 	/System/Library/Frameworks/AudioToolbox.framework/Versions/A/AudioToolbox
0x00000000498e6000 	/System/Library/Frameworks/AudioUnit.framework/Versions/A/AudioUnit
0x00000000498e6000 	/System/Library/PrivateFrameworks/DataDetectorsCore.framework/Versions/A/DataDetectorsCore
0x00000000498e6000 	/System/Library/PrivateFrameworks/DesktopServicesPriv.framework/Versions/A/DesktopServicesPriv
0x00000000498e6000 	/System/Library/Frameworks/Carbon.framework/Versions/A/Frameworks/HIToolbox.framework/Versions/A/HIToolbox
0x00000000498e6000 	/usr/lib/libicucore.A.dylib
0x00000000498e6000 	/usr/lib/libz.1.dylib
0x00000000498e6000 	/System/Library/Frameworks/QuartzCore.framework/Versions/A/QuartzCore
0x00000000498e6000 	/System/Library/Frameworks/Security.framework/Versions/A/Security
0x00000000498e6000 	/System/Library/Frameworks/Carbon.framework/Versions/A/Frameworks/SpeechRecognition.framework/Versions/A/SpeechRecognition
0x00000000498e6000 	/usr/lib/libauto.dylib
0x00000000498e6000 	/usr/lib/libxml2.2.dylib
0x00000000498e6000 	/System/Library/PrivateFrameworks/CoreUI.framework/Versions/A/CoreUI
0x00000000498e6000 	/System/Library/Frameworks/CoreAudio.framework/Versions/A/CoreAudio
0x00000000498e6000 	/System/Library/Frameworks/DiskArbitration.framework/Versions/A/DiskArbitration
0x00000000498e6000 	/usr/lib/liblangid.dylib
0x00000000498e6000 	/System/Library/PrivateFrameworks/MultitouchSupport.framework/Versions/A/MultitouchSupport
0x00000000498e6000 	/System/Library/Frameworks/IOKit.framework/Versions/A/IOKit
0x00000000498e6000 	/usr/lib/libDiagnosticMessagesClient.dylib
0x00000000498e6000 	/System/Library/PrivateFrameworks/PerformanceAnalysis.framework/Versions/A/PerformanceAnalysis
0x00000000498e6000 	/System/Library/PrivateFrameworks/GenerationalStorage.framework/Versions/A/GenerationalStorage
0x00000000498e6000 	/System/Library/Frameworks/OpenGL.framework/Versions/A/OpenGL
0x00000000498e6000 	/System/Library/Frameworks/CoreImage.framework/Versions/A/CoreImage
0x00000000498e6000 	/System/Library/Frameworks/CoreText.framework/Versions/A/CoreText
0x00000000498e6000 	/System/Library/Frameworks/ImageIO.framework/Versions/A/ImageIO
0x00000000498e6000 	/System/Library/PrivateFrameworks/Backup.framework/Versions/A/Backup
0x00000000498e6000 	/usr/lib/libarchive.2.dylib
0x00000000498e6000 	/System/Library/Frameworks/CFNetwork.framework/Versions/A/CFNetwork
0x00000000498e6000 	/System/Library/Frameworks/SystemConfiguration.framework/Versions/A/SystemConfiguration
0x00000000498e6000 	/usr/lib/libCRFSuite.dylib
0x00000000498e6000 	/usr/lib/libc++.1.dylib
0x00000000498e6000 	/usr/lib/libc++abi.dylib
0x00000000498e6000 	/usr/lib/system/libcache.dylib
0x00000000498e6000 	/usr/lib/system/libcommonCrypto.dylib
0x00000000498e6000 	/usr/lib/system/libcompiler_rt.dylib
0x00000000498e6000 	/usr/lib/system/libcopyfile.dylib
0x00000000498e6000 	/usr/lib/system/libcorecrypto.dylib
0x00000000498e6000 	/usr/lib/system/libdispatch.dylib
0x00000000498e6000 	/usr/lib/system/libdyld.dylib
0x00000000498e6000 	/usr/lib/system/libkeymgr.dylib
0x00000000498e6000 	/usr/lib/system/liblaunch.dylib
0x00000000498e6000 	/usr/lib/system/libmacho.dylib
0x00000000498e6000 	/usr/lib/system/libquarantine.dylib
0x00000000498e6000 	/usr/lib/system/libremovefile.dylib
0x00000000498e6000 	/usr/lib/system/libsystem_asl.dylib
0x00000000498e6000 	/usr/lib/system/libsystem_blocks.dylib
0x00000000498e6000 	/usr/lib/system/libsystem_c.dylib
0x00000000498e6000 	/usr/lib/system/libsystem_configuration.dylib
0x00000000498e6000 	/usr/lib/system/libsystem_coreservices.dylib
0x00000000498e6000 	/usr/lib/system/libsystem_coretls.dylib
0x00000000498e6000 	/usr/lib/system/libsystem_dnssd.dylib
0x00000000498e6000 	/usr/lib/system/libsystem_info.dylib
0x00000000498e6000 	/usr/lib/system/libsystem_kernel.dylib
0x00000000498e6000 	/usr/lib/system/libsystem_m.dylib
0x00000000498e6000 	/usr/lib/system/libsystem_malloc.dylib
0x00000000498e6000 	/usr/lib/system/libsystem_network.dylib
0x00000000498e6000 	/usr/lib/system/libsystem_networkextension.dylib
0x00000000498e6000 	/usr/lib/system/libsystem_notify.dylib
0x00000000498e6000 	/usr/lib/system/libsystem_platform.dylib
0x00000000498e6000 	/usr/lib/system/libsystem_pthread.dylib
0x00000000498e6000 	/usr/lib/system/libsystem_sandbox.dylib
0x00000000498e6000 	/usr/lib/system/libsystem_secinit.dylib
0x00000000498e6000 	/usr/lib/system/libsystem_symptoms.dylib
0x00000000498e6000 	/usr/lib/system/libsystem_trace.dylib
0x00000000498e6000 	/usr/lib/system/libunwind.dylib
0x00000000498e6000 	/usr/lib/system/libxpc.dylib
0x00000000498e6000 	/usr/lib/libbsm.0.dylib
0x00000000498e6000 	/usr/lib/system/libkxld.dylib
0x00000000498e6000 	/usr/lib/libcoretls.dylib
0x00000000498e6000 	/usr/lib/libcoretls_cfhelpers.dylib
0x00000000498e6000 	/usr/lib/libxar.1.dylib
0x00000000498e6000 	/usr/lib/libsqlite3.dylib
0x00000000498e6000 	/usr/lib/libpam.2.dylib
0x00000000498e6000 	/usr/lib/libOpenScriptingUtil.dylib
0x00000000498e6000 	/usr/lib/libbz2.1.0.dylib
0x00000000498e6000 	/usr/lib/liblzma.5.dylib
0x00000000498e6000 	/usr/lib/libnetwork.dylib
0x00000000498e6000 	/usr/lib/libpcap.A.dylib
0x00000000498e6000 	/System/Library/Frameworks/CoreServices.framework/Versions/A/Frameworks/FSEvents.framework/Versions/A/FSEvents
0x00000000498e6000 	/System/Library/Frameworks/CoreServices.framework/Versions/A/Frameworks/CarbonCore.framework/Versions/A/CarbonCore
0x00000000498e6000 	/System/Library/Frameworks/CoreServices.framework/Versions/A/Frameworks/Metadata.framework/Versions/A/Metadata
0x00000000498e6000 	/System/Library/Frameworks/CoreServices.framework/Versions/A/Frameworks/OSServices.framework/Versions/A/OSServices
0x00000000498e6000 	/System/Library/Frameworks/CoreServices.framework/Versions/A/Frameworks/SearchKit.framework/Versions/A/SearchKit
0x00000000498e6000 	/System/Library/Frameworks/CoreServices.framework/Versions/A/Frameworks/AE.framework/Versions/A/AE
0x00000000498e6000 	/System/Library/Frameworks/CoreServices.framework/Versions/A/Frameworks/LaunchServices.framework/Versions/A/LaunchServices
0x00000000498e6000 	/System/Library/Frameworks/CoreServices.framework/Versions/A/Frameworks/DictionaryServices.framework/Versions/A/DictionaryServices
0x00000000498e6000 	/System/Library/Frameworks/CoreServices.framework/Versions/A/Frameworks/SharedFileList.framework/Versions/A/SharedFileList
0x00000000498e6000 	/System/Library/Frameworks/NetFS.framework/Versions/A/NetFS
0x00000000498e6000 	/System/Library/PrivateFrameworks/NetAuth.framework/Versions/A/NetAuth
0x00000000498e6000 	/System/Library/PrivateFrameworks/login.framework/Versions/A/Frameworks/loginsupport.framework/Versions/A/loginsupport
0x00000000498e6000 	/System/Library/PrivateFrameworks/TCC.framework/Versions/A/TCC
0x00000000498e6000 	/usr/lib/libmecabra.dylib
0x00000000498e6000 	/System/Library/Frameworks/ApplicationServices.framework/Versions/A/Frameworks/ATS.framework/Versions/A/ATS
0x00000000498e6000 	/System/Library/Frameworks/ApplicationServices.framework/Versions/A/Frameworks/ColorSync.framework/Versions/A/ColorSync
0x00000000498e6000 	/System/Library/Frameworks/ApplicationServices.framework/Versions/A/Frameworks/HIServices.framework/Versions/A/HIServices
0x00000000498e6000 	/System/Library/Frameworks/ApplicationServices.framework/Versions/A/Frameworks/LangAnalysis.framework/Versions/A/LangAnalysis
0x00000000498e6000 	/System/Library/Frameworks/ApplicationServices.framework/Versions/A/Frameworks/PrintCore.framework/Versions/A/PrintCore
0x00000000498e6000 	/System/Library/Frameworks/ApplicationServices.framework/Versions/A/Frameworks/QD.framework/Versions/A/QD
0x00000000498e6000 	/System/Library/Frameworks/ApplicationServices.framework/Versions/A/Frameworks/SpeechSynthesis.framework/Versions/A/SpeechSynthesis
0x00000000498e6000 	/System/Library/Frameworks/Accelerate.framework/Versions/A/Frameworks/vImage.framework/Versions/A/vImage
0x00000000498e6000 	/System/Library/Frameworks/Accelerate.framework/Versions/A/Frameworks/vecLib.framework/Versions/A/vecLib
0x00000000498e6000 	/System/Library/Frameworks/Accelerate.framework/Versions/A/Frameworks/vecLib.framework/Versions/A/libvDSP.dylib
0x00000000498e6000 	/System/Library/Frameworks/Accelerate.framework/Versions/A/Frameworks/vecLib.framework/Versions/A/libBNNS.dylib
0x00000000498e6000 	/System/Library/Frameworks/Accelerate.framework/Versions/A/Frameworks/vecLib.framework/Versions/A/libQuadrature.dylib
0x00000000498e6000 	/System/Library/Frameworks/Accelerate.framework/Versions/A/Frameworks/vecLib.framework/Versions/A/libvMisc.dylib
0x00000000498e6000 	/System/Library/Frameworks/Accelerate.framework/Versions/A/Frameworks/vecLib.framework/Versions/A/libLAPACK.dylib
0x00000000498e6000 	/System/Library/Frameworks/Accelerate.framework/Versions/A/Frameworks/vecLib.framework/Versions/A/libBLAS.dylib
0x00000000498e6000 	/System/Library/Frameworks/Accelerate.framework/Versions/A/Frameworks/vecLib.framework/Versions/A/libLinearAlgebra.dylib
0x00000000498e6000 	/System/Library/Frameworks/Accelerate.framework/Versions/A/Frameworks/vecLib.framework/Versions/A/libSparseBLAS.dylib
0x00000000498e6000 	/System/Library/Frameworks/ApplicationServices.framework/Versions/A/Frameworks/ATS.framework/Versions/A/Resources/libFontParser.dylib
0x00000000498e6000 	/System/Library/Frameworks/ApplicationServices.framework/Versions/A/Frameworks/ATS.framework/Versions/A/Resources/libFontRegistry.dylib
0x00000000498e6000 	/System/Library/Frameworks/ImageIO.framework/Versions/A/Resources/libJPEG.dylib
0x00000000498e6000 	/System/Library/Frameworks/ImageIO.framework/Versions/A/Resources/libTIFF.dylib
0x00000000498e6000 	/System/Library/Frameworks/ImageIO.framework/Versions/A/Resources/libPng.dylib
0x00000000498e6000 	/System/Library/Frameworks/ImageIO.framework/Versions/A/Resources/libGIF.dylib
0x00000000498e6000 	/System/Library/Frameworks/ImageIO.framework/Versions/A/Resources/libJP2.dylib
0x00000000498e6000 	/System/Library/Frameworks/ImageIO.framework/Versions/A/Resources/libRadiance.dylib
0x00000000498e6000 	/usr/lib/libcompression.dylib
0x00000000498e6000 	/System/Library/PrivateFrameworks/AppleJPEG.framework/Versions/A/AppleJPEG
0x00000000498e6000 	/usr/lib/libcups.2.dylib
0x00000000498e6000 	/System/Library/Frameworks/Kerberos.framework/Versions/A/Kerberos
0x00000000498e6000 	/System/Library/Frameworks/GSS.framework/Versions/A/GSS
0x00000000498e6000 	/usr/lib/libresolv.9.dylib
0x00000000498e6000 	/usr/lib/libiconv.2.dylib
0x00000000498e6000 	/System/Library/PrivateFrameworks/Heimdal.framework/Versions/A/Heimdal
0x00000000498e6000 	/usr/lib/libheimdal-asn1.dylib
0x00000000498e6000 	/System/Library/Frameworks/OpenDirectory.framework/Versions/A/OpenDirectory
0x00000000498e6000 	/System/Library/PrivateFrameworks/CommonAuth.framework/Versions/A/CommonAuth
0x00000000498e6000 	/System/Library/Frameworks/OpenDirectory.framework/Versions/A/Frameworks/CFOpenDirectory.framework/Versions/A/CFOpenDirectory
0x00000000498e6000 	/System/Library/Frameworks/SecurityFoundation.framework/Versions/A/SecurityFoundation
0x00000000498e6000 	/System/Library/PrivateFrameworks/LanguageModeling.framework/Versions/A/LanguageModeling
0x00000000498e6000 	/usr/lib/libmarisa.dylib
0x00000000498e6000 	/usr/lib/libChineseTokenizer.dylib
0x00000000498e6000 	/usr/lib/libcmph.dylib
0x00000000498e6000 	/System/Library/PrivateFrameworks/CoreEmoji.framework/Versions/A/CoreEmoji
0x00000000498e6000 	/System/Library/Frameworks/ServiceManagement.framework/Versions/A/ServiceManagement
0x00000000498e6000 	/usr/lib/libxslt.1.dylib
0x00000000498e6000 	/System/Library/Frameworks/Carbon.framework/Versions/A/Frameworks/Ink.framework/Versions/A/Ink
0x00000000498e6000 	/System/Library/PrivateFrameworks/TextureIO.framework/Versions/A/TextureIO
0x00000000498e6000 	/System/Library/Frameworks/Metal.framework/Versions/A/Metal
0x00000000498e6000 	/usr/lib/libate.dylib
0x00000000498e6000 	/System/Library/PrivateFrameworks/GPUCompiler.framework/libmetal_timestamp.dylib
0x00000000498e6000 	/System/Library/Frameworks/OpenGL.framework/Versions/A/Libraries/libCoreFSCache.dylib
0x00000000498e6000 	/System/Library/PrivateFrameworks/IOAccelerator.framework/Versions/A/IOAccelerator
0x00000000498e6000 	/System/Library/Frameworks/CoreVideo.framework/Versions/A/CoreVideo
0x00000000498e6000 	/usr/lib/libFosl_dynamic.dylib
0x00000000498e6000 	/System/Library/PrivateFrameworks/MetalPerformanceShaders.framework/Versions/A/MetalPerformanceShaders
0x00000000498e6000 	/System/Library/PrivateFrameworks/FaceCore.framework/Versions/A/FaceCore
0x00000000498e6000 	/System/Library/Frameworks/OpenCL.framework/Versions/A/OpenCL
0x00000000498e6000 	/System/Library/Frameworks/OpenGL.framework/Versions/A/Libraries/libGLU.dylib
0x00000000498e6000 	/System/Library/Frameworks/OpenGL.framework/Versions/A/Libraries/libGFXShared.dylib
0x00000000498e6000 	/System/Library/Frameworks/OpenGL.framework/Versions/A/Libraries/libGL.dylib
0x00000000498e6000 	/System/Library/Frameworks/OpenGL.framework/Versions/A/Libraries/libGLImage.dylib
0x00000000498e6000 	/System/Library/Frameworks/OpenGL.framework/Versions/A/Libraries/libCVMSPluginSupport.dylib
0x00000000498e6000 	/System/Library/Frameworks/OpenGL.framework/Versions/A/Libraries/libCoreVMClient.dylib
0x00000000498e6000 	/System/Library/PrivateFrameworks/CrashReporterSupport.framework/Versions/A/CrashReporterSupport
0x00000000498e6000 	/System/Library/PrivateFrameworks/Sharing.framework/Versions/A/Sharing
0x00000000498e6000 	/System/Library/PrivateFrameworks/IconServices.framework/Versions/A/IconServices
0x00000000498e6000 	/System/Library/PrivateFrameworks/ProtocolBuffer.framework/Versions/A/ProtocolBuffer
0x00000000498e6000 	/System/Library/PrivateFrameworks/Apple80211.framework/Versions/A/Apple80211
0x00000000498e6000 	/System/Library/Frameworks/CoreWLAN.framework/Versions/A/CoreWLAN
0x00000000498e6000 	/System/Library/PrivateFrameworks/CoreUtils.framework/Versions/A/CoreUtils
0x00000000498e6000 	/System/Library/Frameworks/IOBluetooth.framework/Versions/A/IOBluetooth
0x00000000498e6000 	/System/Library/PrivateFrameworks/CoreWiFi.framework/Versions/A/CoreWiFi
0x00000000498e6000 	/System/Library/Frameworks/CoreBluetooth.framework/Versions/A/CoreBluetooth
0x00000000498e6000 	/System/Library/Frameworks/CoreDisplay.framework/Versions/A/CoreDisplay
0x00000000498e6000 	/System/Library/PrivateFrameworks/IOPresentment.framework/Versions/A/IOPresentment
0x00000000498e6000 	/System/Library/PrivateFrameworks/DebugSymbols.framework/Versions/A/DebugSymbols
0x00000000498e6000 	/System/Library/PrivateFrameworks/CoreSymbolication.framework/Versions/A/CoreSymbolication
0x00000000498e6000 	/System/Library/PrivateFrameworks/Symbolication.framework/Versions/A/Symbolication
0x00000000498e6000 	/System/Library/PrivateFrameworks/AppleFSCompression.framework/Versions/A/AppleFSCompression
0x00000000498e6000 	/System/Library/PrivateFrameworks/SpeechRecognitionCore.framework/Versions/A/SpeechRecognitionCore
0x00000000498e6000 	/System/Library/PrivateFrameworks/ChunkingLibrary.framework/Versions/A/ChunkingLibrary
0x0000000100308000 	/Applications/Eclipse.app/Contents/Eclipse/plugins/org.eclipse.equinox.launcher.cocoa.macosx.x86_64_1.1.401.v20161122-1740/eclipse_1615.so
0x00000000498e6000 	/System/Library/PrivateFrameworks/CoreServicesInternal.framework/Versions/A/CoreServicesInternal
0x0000000100348000 	/Library/Java/JavaVirtualMachines/jdk1.8.0_71.jdk/Contents/MacOS/libjli.dylib
0x0000000105089000 	/Library/Java/JavaVirtualMachines/jdk1.8.0_71.jdk/Contents/Home/jre//lib/server/libjvm.dylib
0x00000000498e6000 	/usr/lib/libstdc++.6.dylib
0x0000000100358000 	/Library/Java/JavaVirtualMachines/jdk1.8.0_71.jdk/Contents/Home/jre/lib/libverify.dylib
0x0000000100366000 	/Library/Java/JavaVirtualMachines/jdk1.8.0_71.jdk/Contents/Home/jre/lib/libjava.dylib
0x00000001003a4000 	/Library/Java/JavaVirtualMachines/jdk1.8.0_71.jdk/Contents/Home/jre/lib/libzip.dylib
0x0000000101fde000 	/System/Library/Frameworks/JavaVM.framework/Frameworks/JavaRuntimeSupport.framework/JavaRuntimeSupport
0x000000011a6c3000 	/System/Library/Frameworks/JavaVM.framework/Versions/A/Frameworks/JavaNativeFoundation.framework/Versions/A/JavaNativeFoundation
0x00000001003ee000 	/System/Library/Frameworks/JavaVM.framework/Versions/A/JavaVM
0x00000000498e6000 	/System/Library/Frameworks/Carbon.framework/Versions/A/Carbon
0x0000000101ca8000 	/System/Library/PrivateFrameworks/JavaLaunching.framework/Versions/A/JavaLaunching
0x00000000498e6000 	/System/Library/Frameworks/Carbon.framework/Versions/A/Frameworks/CommonPanels.framework/Versions/A/CommonPanels
0x00000000498e6000 	/System/Library/Frameworks/Carbon.framework/Versions/A/Frameworks/Help.framework/Versions/A/Help
0x00000000498e6000 	/System/Library/Frameworks/Carbon.framework/Versions/A/Frameworks/ImageCapture.framework/Versions/A/ImageCapture
0x00000000498e6000 	/System/Library/Frameworks/Carbon.framework/Versions/A/Frameworks/OpenScripting.framework/Versions/A/OpenScripting
0x00000000498e6000 	/System/Library/Frameworks/Carbon.framework/Versions/A/Frameworks/Print.framework/Versions/A/Print
0x00000000498e6000 	/System/Library/Frameworks/Carbon.framework/Versions/A/Frameworks/SecurityHI.framework/Versions/A/SecurityHI
0x00000000498e6000 	/System/Library/CoreServices/RawCamera.bundle/Contents/MacOS/RawCamera
0x00000000498e6000 	/System/Library/Frameworks/Accelerate.framework/Versions/A/Frameworks/vImage.framework/Versions/A/Libraries/libCGInterfaces.dylib
0x00000000498e6000 	/System/Library/PrivateFrameworks/FamilyControls.framework/Versions/A/FamilyControls
0x00000000498e6000 	/System/Library/PrivateFrameworks/CommerceKit.framework/Versions/A/Frameworks/CommerceCore.framework/Versions/A/CommerceCore
0x00000000498e6000 	/System/Library/PrivateFrameworks/SystemAdministration.framework/Versions/A/SystemAdministration
0x00000000498e6000 	/System/Library/PrivateFrameworks/AppContainer.framework/Versions/A/AppContainer
0x00000000498e6000 	/System/Library/PrivateFrameworks/SecCodeWrapper.framework/Versions/A/SecCodeWrapper
0x00000000498e6000 	/System/Library/Frameworks/DirectoryService.framework/Versions/A/DirectoryService
0x00000000498e6000 	/System/Library/PrivateFrameworks/DiskImages.framework/Versions/A/DiskImages
0x00000000498e6000 	/System/Library/PrivateFrameworks/LoginUIKit.framework/Versions/A/Frameworks/LoginUICore.framework/Versions/A/LoginUICore
0x00000000498e6000 	/usr/lib/libCoreStorage.dylib
0x00000000498e6000 	/usr/lib/libcsfde.dylib
0x00000000498e6000 	/usr/lib/libodfde.dylib
0x00000000498e6000 	/System/Library/Frameworks/DiscRecording.framework/Versions/A/DiscRecording
0x00000000498e6000 	/usr/lib/libcurl.4.dylib
0x00000000498e6000 	/System/Library/PrivateFrameworks/MediaKit.framework/Versions/A/MediaKit
0x00000000498e6000 	/System/Library/PrivateFrameworks/ProtectedCloudStorage.framework/Versions/A/ProtectedCloudStorage
0x00000000498e6000 	/System/Library/PrivateFrameworks/EFILogin.framework/Versions/A/EFILogin
0x00000000498e6000 	/usr/lib/libutil.dylib
0x00000000498e6000 	/System/Library/Frameworks/LDAP.framework/Versions/A/LDAP
0x00000000498e6000 	/usr/lib/libsasl2.2.dylib
0x00000000498e6000 	/System/Library/PrivateFrameworks/CoreDaemon.framework/Versions/B/CoreDaemon
0x00000000498e6000 	/System/Library/PrivateFrameworks/AppleSRP.framework/Versions/A/AppleSRP
0x00000000498e6000 	/System/Library/PrivateFrameworks/APFS.framework/Versions/A/APFS
0x00000000498e6000 	/System/Library/Frameworks/ApplicationServices.framework/Versions/A/Frameworks/ATS.framework/Versions/A/Resources/libTrueTypeScaler.dylib
0x00000000498e6000 	/System/Library/Frameworks/OpenGL.framework/Versions/A/Resources/GLEngine.bundle/GLEngine
0x00000000498e6000 	/System/Library/Frameworks/OpenGL.framework/Versions/A/Libraries/libGLProgrammability.dylib
0x000000011df00000 	/System/Library/Extensions/AMDRadeonX4000GLDriver.bundle/Contents/MacOS/AMDRadeonX4000GLDriver
0x00000000498e6000 	/System/Library/PrivateFrameworks/GPUSupport.framework/Versions/A/Libraries/libGPUSupportMercury.dylib
0x000000011e800000 	/System/Library/Extensions/AMDRadeonX4000GLDriver.bundle/Contents/MacOS/ATIRadeonX4000SCLib.dylib
0x00000000498e6000 	/System/Library/Frameworks/OpenGL.framework/Versions/A/Resources/GLRendererFloat.bundle/GLRendererFloat
0x00000000498e6000 	/System/Library/Frameworks/OpenCL.framework/Versions/A/Libraries/libcldcpuengine.dylib
0x00000000498e6000 	/usr/lib/libcrypto.0.9.8.dylib
0x00000000498e6000 	/System/Library/PrivateFrameworks/TrustEvaluationAgent.framework/Versions/A/TrustEvaluationAgent
0x00000000498e6000 	/System/Library/Extensions/AMDMTLBronzeDriver.bundle/Contents/MacOS/AMDMTLBronzeDriver
0x00000000498e6000 	/System/Library/PrivateFrameworks/IOAccelMemoryInfo.framework/Versions/A/IOAccelMemoryInfo
0x00000000498e6000 	/System/Library/PrivateFrameworks/ViewBridge.framework/Versions/A/ViewBridge
0x00000000498e6000 	/System/Library/PrivateFrameworks/XPCService.framework/Versions/A/XPCService
0x00000000498e6000 	/System/Library/PrivateFrameworks/AppSandbox.framework/Versions/A/AppSandbox
0x00000000498e6000 	/usr/lib/libsandbox.1.dylib
0x00000000498e6000 	/usr/lib/libMatch.1.dylib
0x000000011a6f9000 	/Library/Java/JavaVirtualMachines/jdk1.8.0_71.jdk/Contents/Home/jre/lib/libnet.dylib
0x000000011aceb000 	/Library/Java/JavaVirtualMachines/jdk1.8.0_71.jdk/Contents/Home/jre/lib/libnio.dylib
0x000000011dcde000 	/Applications/Eclipse.app/Contents/Eclipse/configuration/org.eclipse.osgi/709/0/.cp/libswt-cocoa-4628.jnilib
0x00000000498e6000 	/System/Library/Frameworks/WebKit.framework/Versions/A/WebKit
0x00000000498e6000 	/System/Library/Frameworks/JavaScriptCore.framework/Versions/A/JavaScriptCore
0x00000000498e6000 	/System/Library/Frameworks/SecurityInterface.framework/Versions/A/SecurityInterface
0x00000000498e6000 	/System/Library/Frameworks/WebKit.framework/Versions/A/Frameworks/WebKitLegacy.framework/Versions/A/WebKitLegacy
0x00000000498e6000 	/System/Library/Frameworks/WebKit.framework/Versions/A/Frameworks/WebCore.framework/Versions/A/WebCore
0x000000011dd33000 	/Applications/Eclipse.app/Contents/Eclipse/configuration/org.eclipse.osgi/709/0/.cp/libswt-pi-cocoa-4628.jnilib
0x00000000498e6000 	/System/Library/PrivateFrameworks/CloudDocs.framework/Versions/A/CloudDocs
0x00000000498e6000 	/System/Library/Frameworks/CloudKit.framework/Versions/A/CloudKit
0x00000000498e6000 	/System/Library/PrivateFrameworks/MMCS.framework/Versions/A/MMCS
0x00000000498e6000 	/System/Library/Frameworks/CoreLocation.framework/Versions/A/CoreLocation
0x00000000498e6000 	/System/Library/PrivateFrameworks/AssetCacheServices.framework/Versions/A/AssetCacheServices
0x00000000498e6000 	/System/Library/PrivateFrameworks/GeoServices.framework/Versions/A/GeoServices
0x000000011d9c5000 	/System/Library/PrivateFrameworks/CoreNLP.framework/Versions/A/CoreNLP
0x000000011a6f2000 	/Applications/Eclipse.app/Contents/Eclipse/configuration/org.eclipse.osgi/100/0/.cp/os/macosx/libunixfile_1_0_0.jnilib
0x000000011f6f3000 	/Library/Java/JavaVirtualMachines/jdk1.8.0_71.jdk/Contents/Home/jre/lib/libsunec.dylib
0x000000011f822000 	cl_kernels
0x00000000498e6000 	/System/Library/Frameworks/OpenCL.framework/Versions/A/Libraries/ImageFormats/unorm8_bgra.dylib
0x00000000498e6000 	/System/Library/Frameworks/OpenCL.framework/Versions/A/Libraries/ImageFormats/unorm8_rgba.dylib
0x000000011fa47000 	cl_kernels
0x000000011ac22000 	/Applications/Eclipse.app/Contents/Eclipse/configuration/org.eclipse.osgi/497/0/.cp/os/macosx/x86_64/libspawner.jnilib
0x000000011ac68000 	cl_kernels
0x000000011ac5d000 	/Applications/Eclipse.app/Contents/Eclipse/configuration/org.eclipse.osgi/497/0/.cp/os/macosx/x86_64/libpty.jnilib
0x000000011ba5e000 	cl_kernels

VM Arguments:
jvm_args: -Dosgi.requiredJavaVersion=1.8 -XX:+UseG1GC -XX:+UseStringDeduplication -XstartOnFirstThread -Dorg.eclipse.swt.internal.carbon.smallFonts -Dosgi.requiredJavaVersion=1.8 -Xms256m -Xmx1024m -Xdock:icon=../Resources/Eclipse.icns -XstartOnFirstThread -Dorg.eclipse.swt.internal.carbon.smallFonts 
java_command: <unknown>
java_class_path (initial): /Applications/Eclipse.app/Contents/MacOS//../Eclipse/plugins/org.eclipse.equinox.launcher_1.3.201.v20161025-1711.jar
Launcher Type: generic

Environment Variables:
PATH=/usr/bin:/bin:/usr/sbin:/sbin
SHELL=/bin/bash
DISPLAY=/private/tmp/com.apple.launchd.HezY3lG9P2/org.macosforge.xquartz:0

Signal Handlers:
SIGSEGV: [libjvm.dylib+0x5a68c5], sa_mask[0]=11111111011111110111111111111111, sa_flags=SA_ONSTACK|SA_RESTART|SA_SIGINFO
SIGBUS: [libjvm.dylib+0x5a68c5], sa_mask[0]=11111111011111110111111111111111, sa_flags=SA_RESTART|SA_SIGINFO
SIGFPE: [libjvm.dylib+0x4805d4], sa_mask[0]=11111111011111110111111111111111, sa_flags=SA_RESTART|SA_SIGINFO
SIGPIPE: [libjvm.dylib+0x4805d4], sa_mask[0]=11111111011111110111111111111111, sa_flags=SA_RESTART|SA_SIGINFO
SIGXFSZ: [libjvm.dylib+0x4805d4], sa_mask[0]=11111111011111110111111111111111, sa_flags=SA_RESTART|SA_SIGINFO
SIGILL: [libjvm.dylib+0x4805d4], sa_mask[0]=11111111011111110111111111111111, sa_flags=SA_RESTART|SA_SIGINFO
SIGUSR1: SIG_DFL, sa_mask[0]=00000000000000000000000000000000, sa_flags=none
SIGUSR2: [libjvm.dylib+0x4800f2], sa_mask[0]=00000000000000000000000000000000, sa_flags=SA_RESTART|SA_SIGINFO
SIGHUP: [libjvm.dylib+0x47e6c9], sa_mask[0]=11111111011111110111111111111111, sa_flags=SA_RESTART|SA_SIGINFO
SIGINT: [libjvm.dylib+0x47e6c9], sa_mask[0]=11111111011111110111111111111111, sa_flags=SA_RESTART|SA_SIGINFO
SIGTERM: [libjvm.dylib+0x47e6c9], sa_mask[0]=11111111011111110111111111111111, sa_flags=SA_RESTART|SA_SIGINFO
SIGQUIT: [libjvm.dylib+0x47e6c9], sa_mask[0]=11111111011111110111111111111111, sa_flags=SA_RESTART|SA_SIGINFO


---------------  S Y S T E M  ---------------

OS:Bsduname:Darwin 16.1.0 Darwin Kernel Version 16.1.0: Thu Oct 13 21:26:57 PDT 2016; root:xnu-3789.21.3~60/RELEASE_X86_64 x86_64
rlimit: STACK 8192k, CORE 0k, NPROC 709, NOFILE 10240, AS infinity
load average:5.13 4.25 3.32

CPU:total 4 (4 cores per cpu, 1 threads per core) family 6 model 94 stepping 3, cmov, cx8, fxsr, mmx, sse, sse2, sse3, ssse3, sse4.1, sse4.2, popcnt, avx, avx2, aes, clmul, erms, rtm, 3dnowpref, lzcnt, tsc, tscinvbit, bmi1, bmi2, adx

Memory: 4k page, physical 16777216k(1373384k free)

/proc/meminfo:


vm_info: Java HotSpot(TM) 64-Bit Server VM (25.71-b15) for bsd-amd64 JRE (1.8.0_71-b15), built on Dec 22 2015 15:11:44 by "java_re" with gcc 4.2.1 (Based on Apple Inc. build 5658) (LLVM build 2336.11.00)

time: Wed May 10 12:00:31 2017
elapsed time: 5358 seconds (0d 1h 29m 18s)

